0:0:0:0:0:0:0:1 - - [02/apr/2020:02:50:32 +0200] "OPTIONS /application/product/getProducts HTTP/1.1" 200 0 "http://localhost:4200/products" "Mozilla/5.0 (Windows NT 10.0; Win64; x64) AppleWebKit/537.36 (KHTML, like Gecko) Chrome/80.0.3987.149 Safari/537.36"
0:0:0:0:0:0:0:1 - - [02/apr/2020:02:50:32 +0200] "GET /application/product/getProducts HTTP/1.1" 200 818 "http://localhost:4200/products" "Mozilla/5.0 (Windows NT 10.0; Win64; x64) AppleWebKit/537.36 (KHTML, like Gecko) Chrome/80.0.3987.149 Safari/537.36"
0:0:0:0:0:0:0:1 - - [02/apr/2020:22:25:39 +0200] "OPTIONS /application/account/getCredentials HTTP/1.1" 200 0 "http://localhost:4200/" "Mozilla/5.0 (Windows NT 10.0; Win64; x64) AppleWebKit/537.36 (KHTML, like Gecko) Chrome/80.0.3987.149 Safari/537.36"
0:0:0:0:0:0:0:1 - - [02/apr/2020:22:25:41 +0200] "POST /application/account/getCredentials HTTP/1.1" 200 1244 "http://localhost:4200/" "Mozilla/5.0 (Windows NT 10.0; Win64; x64) AppleWebKit/537.36 (KHTML, like Gecko) Chrome/80.0.3987.149 Safari/537.36"
0:0:0:0:0:0:0:1 - - [02/apr/2020:22:26:00 +0200] "OPTIONS /application/product/getProducts HTTP/1.1" 200 0 "http://localhost:4200/products" "Mozilla/5.0 (Windows NT 10.0; Win64; x64) AppleWebKit/537.36 (KHTML, like Gecko) Chrome/80.0.3987.149 Safari/537.36"
0:0:0:0:0:0:0:1 - - [02/apr/2020:22:26:01 +0200] "GET /application/product/getProducts HTTP/1.1" 200 818 "http://localhost:4200/products" "Mozilla/5.0 (Windows NT 10.0; Win64; x64) AppleWebKit/537.36 (KHTML, like Gecko) Chrome/80.0.3987.149 Safari/537.36"
0:0:0:0:0:0:0:1 - - [02/apr/2020:22:28:54 +0200] "GET /application/product/getProducts HTTP/1.1" 403 45 "http://localhost:4200/products" "Mozilla/5.0 (Windows NT 10.0; Win64; x64) AppleWebKit/537.36 (KHTML, like Gecko) Chrome/80.0.3987.149 Safari/537.36"
0:0:0:0:0:0:0:1 - - [02/apr/2020:22:28:58 +0200] "GET /application/product/getProducts HTTP/1.1" 403 45 "http://localhost:4200/products" "Mozilla/5.0 (Windows NT 10.0; Win64; x64) AppleWebKit/537.36 (KHTML, like Gecko) Chrome/80.0.3987.149 Safari/537.36"
0:0:0:0:0:0:0:1 - - [02/apr/2020:22:31:38 +0200] "GET /application/product/getProducts HTTP/1.1" 403 45 "http://localhost:4200/products" "Mozilla/5.0 (Windows NT 10.0; Win64; x64) AppleWebKit/537.36 (KHTML, like Gecko) Chrome/80.0.3987.149 Safari/537.36"
0:0:0:0:0:0:0:1 - - [02/apr/2020:22:32:39 +0200] "GET /application/product/getProducts HTTP/1.1" 403 45 "http://localhost:4200/products" "Mozilla/5.0 (Windows NT 10.0; Win64; x64) AppleWebKit/537.36 (KHTML, like Gecko) Chrome/80.0.3987.149 Safari/537.36"
0:0:0:0:0:0:0:1 - - [02/apr/2020:22:32:48 +0200] "POST /application/account/getCredentials HTTP/1.1" 200 1244 "http://localhost:4200/products" "Mozilla/5.0 (Windows NT 10.0; Win64; x64) AppleWebKit/537.36 (KHTML, like Gecko) Chrome/80.0.3987.149 Safari/537.36"
0:0:0:0:0:0:0:1 - - [02/apr/2020:22:32:50 +0200] "GET /application/product/getProducts HTTP/1.1" 200 818 "http://localhost:4200/products" "Mozilla/5.0 (Windows NT 10.0; Win64; x64) AppleWebKit/537.36 (KHTML, like Gecko) Chrome/80.0.3987.149 Safari/537.36"
0:0:0:0:0:0:0:1 - - [02/apr/2020:22:32:52 +0200] "GET /application/product/getProducts HTTP/1.1" 200 818 "http://localhost:4200/products" "Mozilla/5.0 (Windows NT 10.0; Win64; x64) AppleWebKit/537.36 (KHTML, like Gecko) Chrome/80.0.3987.149 Safari/537.36"
0:0:0:0:0:0:0:1 - - [02/apr/2020:22:33:10 +0200] "GET /application/product/getProducts HTTP/1.1" 200 818 "http://localhost:4200/products" "Mozilla/5.0 (Windows NT 10.0; Win64; x64) AppleWebKit/537.36 (KHTML, like Gecko) Chrome/80.0.3987.149 Safari/537.36"
0:0:0:0:0:0:0:1 - - [02/apr/2020:22:33:12 +0200] "GET /application/product/getProducts HTTP/1.1" 200 818 "http://localhost:4200/products" "Mozilla/5.0 (Windows NT 10.0; Win64; x64) AppleWebKit/537.36 (KHTML, like Gecko) Chrome/80.0.3987.149 Safari/537.36"
0:0:0:0:0:0:0:1 - - [02/apr/2020:22:33:15 +0200] "GET /application/product/getProducts HTTP/1.1" 200 818 "http://localhost:4200/products" "Mozilla/5.0 (Windows NT 10.0; Win64; x64) AppleWebKit/537.36 (KHTML, like Gecko) Chrome/80.0.3987.149 Safari/537.36"
0:0:0:0:0:0:0:1 - - [02/apr/2020:22:33:16 +0200] "GET /application/product/getProducts HTTP/1.1" 200 818 "http://localhost:4200/products" "Mozilla/5.0 (Windows NT 10.0; Win64; x64) AppleWebKit/537.36 (KHTML, like Gecko) Chrome/80.0.3987.149 Safari/537.36"
0:0:0:0:0:0:0:1 - - [02/apr/2020:22:33:18 +0200] "GET /application/product/getProducts HTTP/1.1" 200 818 "http://localhost:4200/products" "Mozilla/5.0 (Windows NT 10.0; Win64; x64) AppleWebKit/537.36 (KHTML, like Gecko) Chrome/80.0.3987.149 Safari/537.36"
0:0:0:0:0:0:0:1 - - [02/apr/2020:22:33:22 +0200] "GET /application/product/getProducts HTTP/1.1" 200 818 "http://localhost:4200/products" "Mozilla/5.0 (Windows NT 10.0; Win64; x64) AppleWebKit/537.36 (KHTML, like Gecko) Chrome/80.0.3987.149 Safari/537.36"
0:0:0:0:0:0:0:1 - - [02/apr/2020:22:33:25 +0200] "GET /application/product/getProducts HTTP/1.1" 200 818 "http://localhost:4200/products" "Mozilla/5.0 (Windows NT 10.0; Win64; x64) AppleWebKit/537.36 (KHTML, like Gecko) Chrome/80.0.3987.149 Safari/537.36"
0:0:0:0:0:0:0:1 - - [02/apr/2020:22:33:31 +0200] "GET /application/product/getProducts HTTP/1.1" 200 818 "http://localhost:4200/products" "Mozilla/5.0 (Windows NT 10.0; Win64; x64) AppleWebKit/537.36 (KHTML, like Gecko) Chrome/80.0.3987.149 Safari/537.36"
0:0:0:0:0:0:0:1 - - [02/apr/2020:22:33:33 +0200] "GET /application/product/getProducts HTTP/1.1" 200 818 "http://localhost:4200/products" "Mozilla/5.0 (Windows NT 10.0; Win64; x64) AppleWebKit/537.36 (KHTML, like Gecko) Chrome/80.0.3987.149 Safari/537.36"
0:0:0:0:0:0:0:1 - - [02/apr/2020:22:33:37 +0200] "GET /application/product/getProducts HTTP/1.1" 200 818 "http://localhost:4200/products" "Mozilla/5.0 (Windows NT 10.0; Win64; x64) AppleWebKit/537.36 (KHTML, like Gecko) Chrome/80.0.3987.149 Safari/537.36"
0:0:0:0:0:0:0:1 - - [02/apr/2020:22:33:40 +0200] "GET /application/product/getProducts HTTP/1.1" 200 818 "http://localhost:4200/products" "Mozilla/5.0 (Windows NT 10.0; Win64; x64) AppleWebKit/537.36 (KHTML, like Gecko) Chrome/80.0.3987.149 Safari/537.36"
0:0:0:0:0:0:0:1 - - [02/apr/2020:22:33:42 +0200] "GET /application/product/getProducts HTTP/1.1" 200 818 "http://localhost:4200/products" "Mozilla/5.0 (Windows NT 10.0; Win64; x64) AppleWebKit/537.36 (KHTML, like Gecko) Chrome/80.0.3987.149 Safari/537.36"
0:0:0:0:0:0:0:1 - - [02/apr/2020:22:33:44 +0200] "GET /application/product/getProducts HTTP/1.1" 200 818 "http://localhost:4200/products" "Mozilla/5.0 (Windows NT 10.0; Win64; x64) AppleWebKit/537.36 (KHTML, like Gecko) Chrome/80.0.3987.149 Safari/537.36"
0:0:0:0:0:0:0:1 - - [02/apr/2020:22:33:46 +0200] "GET /application/product/getProducts HTTP/1.1" 200 818 "http://localhost:4200/products" "Mozilla/5.0 (Windows NT 10.0; Win64; x64) AppleWebKit/537.36 (KHTML, like Gecko) Chrome/80.0.3987.149 Safari/537.36"
0:0:0:0:0:0:0:1 - - [02/apr/2020:22:33:48 +0200] "GET /application/product/getProducts HTTP/1.1" 200 818 "http://localhost:4200/products" "Mozilla/5.0 (Windows NT 10.0; Win64; x64) AppleWebKit/537.36 (KHTML, like Gecko) Chrome/80.0.3987.149 Safari/537.36"
0:0:0:0:0:0:0:1 - - [02/apr/2020:22:33:50 +0200] "GET /application/product/getProducts HTTP/1.1" 200 818 "http://localhost:4200/products" "Mozilla/5.0 (Windows NT 10.0; Win64; x64) AppleWebKit/537.36 (KHTML, like Gecko) Chrome/80.0.3987.149 Safari/537.36"
0:0:0:0:0:0:0:1 - - [02/apr/2020:22:33:51 +0200] "GET /application/product/getProducts HTTP/1.1" 200 818 "http://localhost:4200/products" "Mozilla/5.0 (Windows NT 10.0; Win64; x64) AppleWebKit/537.36 (KHTML, like Gecko) Chrome/80.0.3987.149 Safari/537.36"
0:0:0:0:0:0:0:1 - - [02/apr/2020:22:33:53 +0200] "GET /application/product/getProducts HTTP/1.1" 200 818 "http://localhost:4200/products" "Mozilla/5.0 (Windows NT 10.0; Win64; x64) AppleWebKit/537.36 (KHTML, like Gecko) Chrome/80.0.3987.149 Safari/537.36"
0:0:0:0:0:0:0:1 - - [02/apr/2020:22:33:54 +0200] "GET /application/product/getProducts HTTP/1.1" 403 45 "http://localhost:4200/products" "Mozilla/5.0 (Windows NT 10.0; Win64; x64) AppleWebKit/537.36 (KHTML, like Gecko) Chrome/80.0.3987.149 Safari/537.36"
0:0:0:0:0:0:0:1 - - [02/apr/2020:22:33:59 +0200] "GET /application/product/getProducts HTTP/1.1" 403 45 "http://localhost:4200/products" "Mozilla/5.0 (Windows NT 10.0; Win64; x64) AppleWebKit/537.36 (KHTML, like Gecko) Chrome/80.0.3987.149 Safari/537.36"
0:0:0:0:0:0:0:1 - - [02/apr/2020:23:03:21 +0200] "OPTIONS /application/account/getCredentials HTTP/1.1" 200 0 "http://localhost:4200/products" "Mozilla/5.0 (Windows NT 10.0; Win64; x64) AppleWebKit/537.36 (KHTML, like Gecko) Chrome/80.0.3987.149 Safari/537.36"
0:0:0:0:0:0:0:1 - - [02/apr/2020:23:03:23 +0200] "POST /application/account/getCredentials HTTP/1.1" 200 1245 "http://localhost:4200/products" "Mozilla/5.0 (Windows NT 10.0; Win64; x64) AppleWebKit/537.36 (KHTML, like Gecko) Chrome/80.0.3987.149 Safari/537.36"
0:0:0:0:0:0:0:1 - - [02/apr/2020:23:06:38 +0200] "POST /application/account/getCredentials?access_token=eyJ0eXAiOiJKV1QiLCJhbGciOiJIUzI1NiJ9.eyJzdWIiOiJkZXh0ZXIyIiwicm9sZSI6WyJLTEFOVCJdLCJpc3MiOiJodHRwOi8vYXJjYWRlZ2FtZWdyb3VuZHMuY29tIiwiZXhwIjoxNTg1NjI4NDE4LCJpYXQiOjE1ODU1OTk2MTh9.QjB3D3rxK6rzhaheMZL4iIYx7NsctTkDgPo52cCHxss HTTP/1.1" 200 1246 "-" "PostmanRuntime/7.6.0"
0:0:0:0:0:0:0:1 - - [02/apr/2020:23:06:48 +0200] "POST /application/account/getCredentials?access_token=eyJ0eXAiOiJKV1QiLCJhbGciOiJIUzI1NiJ9.eyJzdWIiOiJkZXh0ZXIyIiwicm9sZSI6WyJLTEFOVCJdLCJpc3MiOiJodHRwOi8vYXJjYWRlZ2FtZWdyb3VuZHMuY29tIiwiZXhwIjoxNTg1NjI4NDE4LCJpYXQiOjE1ODU1OTk2MTh9.QjB3D3rxK6rzhaheMZL4iIYx7NsctTkDgPo52cCHxss HTTP/1.1" 200 1246 "-" "PostmanRuntime/7.6.0"
0:0:0:0:0:0:0:1 - - [02/apr/2020:23:07:28 +0200] "POST /application/account/getCredentials?access_token=eyJ0eXAiOiJKV1QiLCJhbGciOiJIUzI1NiJ9.eyJzdWIiOiJkZXh0ZXIyIiwicm9sZSI6WyJLTEFOVCJdLCJpc3MiOiJodHRwOi8vYXJjYWRlZ2FtZWdyb3VuZHMuY29tIiwiZXhwIjoxNTg1NjI4NDE4LCJpYXQiOjE1ODU1OTk2MTh9.QjB3D3rxK6rzhaheMZL4iIYx7NsctTkDgPo52cCHxss HTTP/1.1" 200 1246 "-" "PostmanRuntime/7.6.0"
0:0:0:0:0:0:0:1 - - [02/apr/2020:23:07:36 +0200] "POST /application/account/getCredentials?access_token=eyJ0eXAiOiJKV1QiLCJhbGciOiJIUzI1NiJ9.eyJzdWIiOiJkZXh0ZXIyIiwicm9sZSI6WyJLTEFOVCJdLCJpc3MiOiJodHRwOi8vYXJjYWRlZ2FtZWdyb3VuZHMuY29tIiwiZXhwIjoxNTg1NjI4NDE4LCJpYXQiOjE1ODU1OTk2MTh9.QjB3D3rxK6rzhaheMZL4iIYx7NsctTkDgPo52cCHxss HTTP/1.1" 200 1246 "-" "PostmanRuntime/7.6.0"
0:0:0:0:0:0:0:1 - - [02/apr/2020:23:07:51 +0200] "POST /application/account/getCredentials?access_token=eyJ0eXAiOiJKV1QiLCJhbGciOiJIUzI1NiJ9.eyJzdWIiOiJkZXh0ZXIyIiwicm9sZSI6WyJLTEFOVCJdLCJpc3MiOiJodHRwOi8vYXJjYWRlZ2FtZWdyb3VuZHMuY29tIiwiZXhwIjoxNTg1NjI4NDE4LCJpYXQiOjE1ODU1OTk2MTh9.QjB3D3rxK6rzhaheMZL4iIYx7NsctTkDgPo52cCHxss HTTP/1.1" 200 1246 "-" "PostmanRuntime/7.6.0"
0:0:0:0:0:0:0:1 - - [02/apr/2020:23:07:58 +0200] "POST /application/account/getCredentials?access_token=eyJ0eXAiOiJKV1QiLCJhbGciOiJIUzI1NiJ9.eyJzdWIiOiJkZXh0ZXIyIiwicm9sZSI6WyJLTEFOVCJdLCJpc3MiOiJodHRwOi8vYXJjYWRlZ2FtZWdyb3VuZHMuY29tIiwiZXhwIjoxNTg1NjI4NDE4LCJpYXQiOjE1ODU1OTk2MTh9.QjB3D3rxK6rzhaheMZL4iIYx7NsctTkDgPo52cCHxss HTTP/1.1" 200 1246 "-" "PostmanRuntime/7.6.0"
0:0:0:0:0:0:0:1 - - [02/apr/2020:23:08:43 +0200] "POST /application/account/getCredentials?access_token=eyJ0eXAiOiJKV1QiLCJhbGciOiJIUzI1NiJ9.eyJzdWIiOiJkZXh0ZXIyIiwicm9sZSI6WyJLTEFOVCJdLCJpc3MiOiJodHRwOi8vYXJjYWRlZ2FtZWdyb3VuZHMuY29tIiwiZXhwIjoxNTg1NjI4NDE4LCJpYXQiOjE1ODU1OTk2MTh9.QjB3D3rxK6rzhaheMZL4iIYx7NsctTkDgPo52cCHxss HTTP/1.1" 200 1246 "-" "PostmanRuntime/7.6.0"
0:0:0:0:0:0:0:1 - - [02/apr/2020:23:08:59 +0200] "POST /application/account/getCredentials?access_token=eyJ0eXAiOiJKV1QiLCJhbGciOiJIUzI1NiJ9.eyJzdWIiOiJkZXh0ZXIyIiwicm9sZSI6WyJLTEFOVCJdLCJpc3MiOiJodHRwOi8vYXJjYWRlZ2FtZWdyb3VuZHMuY29tIiwiZXhwIjoxNTg1NjI4NDE4LCJpYXQiOjE1ODU1OTk2MTh9.QjB3D3rxK6rzhaheMZL4iIYx7NsctTkDgPo52cCHxss HTTP/1.1" 200 1246 "-" "PostmanRuntime/7.6.0"
0:0:0:0:0:0:0:1 - - [02/apr/2020:23:17:57 +0200] "POST /application/account/getCredentials?access_token=eyJ0eXAiOiJKV1QiLCJhbGciOiJIUzI1NiJ9.eyJzdWIiOiJkZXh0ZXIyIiwicm9sZSI6WyJLTEFOVCJdLCJpc3MiOiJodHRwOi8vYXJjYWRlZ2FtZWdyb3VuZHMuY29tIiwiZXhwIjoxNTg1NjI4NDE4LCJpYXQiOjE1ODU1OTk2MTh9.QjB3D3rxK6rzhaheMZL4iIYx7NsctTkDgPo52cCHxss HTTP/1.1" 200 1246 "-" "PostmanRuntime/7.6.0"
0:0:0:0:0:0:0:1 - - [02/apr/2020:23:18:12 +0200] "POST /application/account/getRegisterCredentials?access_token=eyJ0eXAiOiJKV1QiLCJhbGciOiJIUzI1NiJ9.eyJzdWIiOiJkZXh0ZXIyIiwicm9sZSI6WyJLTEFOVCJdLCJpc3MiOiJodHRwOi8vYXJjYWRlZ2FtZWdyb3VuZHMuY29tIiwiZXhwIjoxNTg1NjI4NDE4LCJpYXQiOjE1ODU1OTk2MTh9.QjB3D3rxK6rzhaheMZL4iIYx7NsctTkDgPo52cCHxss HTTP/1.1" 204 0 "-" "PostmanRuntime/7.6.0"
0:0:0:0:0:0:0:1 - - [02/apr/2020:23:19:17 +0200] "POST /application/product/getProducts?access_token=eyJ0eXAiOiJKV1QiLCJhbGciOiJIUzI1NiJ9.eyJzdWIiOiJkZXh0ZXIyIiwicm9sZSI6WyJLTEFOVCJdLCJpc3MiOiJodHRwOi8vYXJjYWRlZ2FtZWdyb3VuZHMuY29tIiwiZXhwIjoxNTg1NjI4NDE4LCJpYXQiOjE1ODU1OTk2MTh9.QjB3D3rxK6rzhaheMZL4iIYx7NsctTkDgPo52cCHxss HTTP/1.1" 405 52 "-" "PostmanRuntime/7.6.0"
0:0:0:0:0:0:0:1 - - [02/apr/2020:23:19:35 +0200] "POST /application/account/getCredentials HTTP/1.1" 200 1245 "http://localhost:4200/products" "Mozilla/5.0 (Windows NT 10.0; Win64; x64) AppleWebKit/537.36 (KHTML, like Gecko) Chrome/80.0.3987.149 Safari/537.36"
0:0:0:0:0:0:0:1 - - [02/apr/2020:23:19:37 +0200] "OPTIONS /application/product/getProducts HTTP/1.1" 200 0 "http://localhost:4200/products" "Mozilla/5.0 (Windows NT 10.0; Win64; x64) AppleWebKit/537.36 (KHTML, like Gecko) Chrome/80.0.3987.149 Safari/537.36"
0:0:0:0:0:0:0:1 - - [02/apr/2020:23:19:37 +0200] "GET /application/product/getProducts HTTP/1.1" 200 818 "http://localhost:4200/products" "Mozilla/5.0 (Windows NT 10.0; Win64; x64) AppleWebKit/537.36 (KHTML, like Gecko) Chrome/80.0.3987.149 Safari/537.36"
0:0:0:0:0:0:0:1 - - [02/apr/2020:23:21:17 +0200] "POST /application/account/getCredentials?access_token=eyJ0eXAiOiJKV1QiLCJhbGciOiJIUzI1NiJ9.eyJzdWIiOiJkZXh0ZXIyIiwicm9sZSI6WyJLTEFOVCJdLCJpc3MiOiJodHRwOi8vYXJjYWRlZ2FtZWdyb3VuZHMuY29tIiwiZXhwIjoxNTg1NjI4NDE4LCJpYXQiOjE1ODU1OTk2MTh9.QjB3D3rxK6rzhaheMZL4iIYx7NsctTkDgPo52cCHxss HTTP/1.1" 200 2 "-" "PostmanRuntime/7.6.0"
0:0:0:0:0:0:0:1 - - [02/apr/2020:23:21:21 +0200] "POST /application/account/getCredentials?access_token=eyJ0eXAiOiJKV1QiLCJhbGciOiJIUzI1NiJ9.eyJzdWIiOiJkZXh0ZXIyIiwicm9sZSI6WyJLTEFOVCJdLCJpc3MiOiJodHRwOi8vYXJjYWRlZ2FtZWdyb3VuZHMuY29tIiwiZXhwIjoxNTg1NjI4NDE4LCJpYXQiOjE1ODU1OTk2MTh9.QjB3D3rxK6rzhaheMZL4iIYx7NsctTkDgPo52cCHxss HTTP/1.1" 200 2 "-" "PostmanRuntime/7.6.0"
0:0:0:0:0:0:0:1 - - [02/apr/2020:23:21:31 +0200] "POST /application/account/getCredentials?access_token=eyJ0eXAiOiJKV1QiLCJhbGciOiJIUzI1NiJ9.eyJzdWIiOiJkZXh0ZXIyIiwicm9sZSI6WyJLTEFOVCJdLCJpc3MiOiJodHRwOi8vYXJjYWRlZ2FtZWdyb3VuZHMuY29tIiwiZXhwIjoxNTg1NjI4NDE4LCJpYXQiOjE1ODU1OTk2MTh9.QjB3D3rxK6rzhaheMZL4iIYx7NsctTkDgPo52cCHxss HTTP/1.1" 200 2 "-" "PostmanRuntime/7.6.0"
0:0:0:0:0:0:0:1 - - [02/apr/2020:23:22:20 +0200] "POST /application/account/getCredentials?access_token=eyJ0eXAiOiJKV1QiLCJhbGciOiJIUzI1NiJ9.eyJzdWIiOiJkZXh0ZXIyIiwicm9sZSI6WyJLTEFOVCJdLCJpc3MiOiJodHRwOi8vYXJjYWRlZ2FtZWdyb3VuZHMuY29tIiwiZXhwIjoxNTg1NjI4NDE4LCJpYXQiOjE1ODU1OTk2MTh9.QjB3D3rxK6rzhaheMZL4iIYx7NsctTkDgPo52cCHxss HTTP/1.1" 200 1246 "-" "PostmanRuntime/7.6.0"
0:0:0:0:0:0:0:1 - - [02/apr/2020:23:23:24 +0200] "POST /application/account/getCredentials?access_token=eyJ0eXAiOiJKV1QiLCJhbGciOiJIUzI1NiJ9.eyJzdWIiOiJkZXh0ZXIyIiwicm9sZSI6WyJLTEFOVCJdLCJpc3MiOiJodHRwOi8vYXJjYWRlZ2FtZWdyb3VuZHMuY29tIiwiZXhwIjoxNTg1NjI4NDE4LCJpYXQiOjE1ODU1OTk2MTh9.QjB3D3rxK6rzhaheMZL4iIYx7NsctTkDgPo52cCHxss HTTP/1.1" 400 47 "-" "PostmanRuntime/7.6.0"
0:0:0:0:0:0:0:1 - - [02/apr/2020:23:24:28 +0200] "POST /application/account/getCredentials?access_token=eyJ0eXAiOiJKV1QiLCJhbGciOiJIUzI1NiJ9.eyJzdWIiOiJkZXh0ZXIyIiwicm9sZSI6WyJLTEFOVCJdLCJpc3MiOiJodHRwOi8vYXJjYWRlZ2FtZWdyb3VuZHMuY29tIiwiZXhwIjoxNTg1NjI4NDE4LCJpYXQiOjE1ODU1OTk2MTh9.QjB3D3rxK6rzhaheMZL4iIYx7NsctTkDgPo52cCHxss HTTP/1.1" 200 1246 "-" "PostmanRuntime/7.6.0"
0:0:0:0:0:0:0:1 - - [02/apr/2020:23:24:36 +0200] "POST /application/account/getCredentials?access_token=eyJ0eXAiOiJKV1QiLCJhbGciOiJIUzI1NiJ9.eyJzdWIiOiJkZXh0ZXIyIiwicm9sZSI6WyJLTEFOVCJdLCJpc3MiOiJodHRwOi8vYXJjYWRlZ2FtZWdyb3VuZHMuY29tIiwiZXhwIjoxNTg1NjI4NDE4LCJpYXQiOjE1ODU1OTk2MTh9.QjB3D3rxK6rzhaheMZL4iIYx7NsctTkDgPo52cCHxss HTTP/1.1" 400 47 "-" "PostmanRuntime/7.6.0"
0:0:0:0:0:0:0:1 - - [03/apr/2020:01:44:51 +0200] "OPTIONS /application/account/getCredentials HTTP/1.1" 200 0 "http://localhost:4200/products" "Mozilla/5.0 (Windows NT 10.0; Win64; x64) AppleWebKit/537.36 (KHTML, like Gecko) Chrome/80.0.3987.149 Safari/537.36"
0:0:0:0:0:0:0:1 - - [03/apr/2020:01:44:52 +0200] "POST /application/account/getCredentials HTTP/1.1" 200 1245 "http://localhost:4200/products" "Mozilla/5.0 (Windows NT 10.0; Win64; x64) AppleWebKit/537.36 (KHTML, like Gecko) Chrome/80.0.3987.149 Safari/537.36"
0:0:0:0:0:0:0:1 - - [03/apr/2020:01:44:56 +0200] "OPTIONS /application/product/getProducts HTTP/1.1" 200 0 "http://localhost:4200/products" "Mozilla/5.0 (Windows NT 10.0; Win64; x64) AppleWebKit/537.36 (KHTML, like Gecko) Chrome/80.0.3987.149 Safari/537.36"
0:0:0:0:0:0:0:1 - - [03/apr/2020:01:44:56 +0200] "GET /application/product/getProducts HTTP/1.1" 200 818 "http://localhost:4200/products" "Mozilla/5.0 (Windows NT 10.0; Win64; x64) AppleWebKit/537.36 (KHTML, like Gecko) Chrome/80.0.3987.149 Safari/537.36"
0:0:0:0:0:0:0:1 - - [03/apr/2020:02:20:37 +0200] "POST /application/product/getProducts?access_token=eyJ0eXAiOiJKV1QiLCJhbGciOiJIUzI1NiJ9.eyJzdWIiOiJkZXh0ZXIyIiwicm9sZSI6WyJLTEFOVCJdLCJpc3MiOiJodHRwOi8vYXJjYWRlZ2FtZWdyb3VuZHMuY29tIiwiZXhwIjoxNTg1NjI4NDE4LCJpYXQiOjE1ODU1OTk2MTh9.QjB3D3rxK6rzhaheMZL4iIYx7NsctTkDgPo52cCHxss HTTP/1.1" 405 52 "-" "PostmanRuntime/7.6.0"
0:0:0:0:0:0:0:1 - - [03/apr/2020:02:20:46 +0200] "GET /application/product/getProducts?access_token=eyJ0eXAiOiJKV1QiLCJhbGciOiJIUzI1NiJ9.eyJzdWIiOiJkZXh0ZXIyIiwicm9sZSI6WyJLTEFOVCJdLCJpc3MiOiJodHRwOi8vYXJjYWRlZ2FtZWdyb3VuZHMuY29tIiwiZXhwIjoxNTg1NjI4NDE4LCJpYXQiOjE1ODU1OTk2MTh9.QjB3D3rxK6rzhaheMZL4iIYx7NsctTkDgPo52cCHxss HTTP/1.1" 500 110 "-" "PostmanRuntime/7.6.0"
0:0:0:0:0:0:0:1 - - [03/apr/2020:02:22:19 +0200] "GET /application/product/getProducts?access_token=eyJ0eXAiOiJKV1QiLCJhbGciOiJIUzI1NiJ9.eyJzdWIiOiJkZXh0ZXIyIiwicm9sZSI6WyJLTEFOVCJdLCJpc3MiOiJodHRwOi8vYXJjYWRlZ2FtZWdyb3VuZHMuY29tIiwiZXhwIjoxNTg1NjI4NDE4LCJpYXQiOjE1ODU1OTk2MTh9.QjB3D3rxK6rzhaheMZL4iIYx7NsctTkDgPo52cCHxss HTTP/1.1" 500 110 "-" "PostmanRuntime/7.6.0"
0:0:0:0:0:0:0:1 - - [03/apr/2020:02:45:54 +0200] "OPTIONS /application/account/getCredentials HTTP/1.1" 200 0 "http://localhost:4200/products" "Mozilla/5.0 (Windows NT 10.0; Win64; x64) AppleWebKit/537.36 (KHTML, like Gecko) Chrome/80.0.3987.149 Safari/537.36"
0:0:0:0:0:0:0:1 - - [03/apr/2020:02:45:56 +0200] "POST /application/account/getCredentials HTTP/1.1" 200 1245 "http://localhost:4200/products" "Mozilla/5.0 (Windows NT 10.0; Win64; x64) AppleWebKit/537.36 (KHTML, like Gecko) Chrome/80.0.3987.149 Safari/537.36"
0:0:0:0:0:0:0:1 - - [03/apr/2020:02:45:59 +0200] "OPTIONS /application/product/getProducts HTTP/1.1" 200 0 "http://localhost:4200/products" "Mozilla/5.0 (Windows NT 10.0; Win64; x64) AppleWebKit/537.36 (KHTML, like Gecko) Chrome/80.0.3987.149 Safari/537.36"
0:0:0:0:0:0:0:1 - - [03/apr/2020:02:45:59 +0200] "GET /application/product/getProducts HTTP/1.1" 200 818 "http://localhost:4200/products" "Mozilla/5.0 (Windows NT 10.0; Win64; x64) AppleWebKit/537.36 (KHTML, like Gecko) Chrome/80.0.3987.149 Safari/537.36"
0:0:0:0:0:0:0:1 - - [03/apr/2020:02:46:14 +0200] "GET /application/product/getProducts HTTP/1.1" 200 818 "http://localhost:4200/products" "Mozilla/5.0 (Windows NT 10.0; Win64; x64) AppleWebKit/537.36 (KHTML, like Gecko) Chrome/80.0.3987.149 Safari/537.36"
0:0:0:0:0:0:0:1 - - [03/apr/2020:02:46:28 +0200] "GET /application/product/getProducts HTTP/1.1" 200 818 "http://localhost:4200/products" "Mozilla/5.0 (Windows NT 10.0; Win64; x64) AppleWebKit/537.36 (KHTML, like Gecko) Chrome/80.0.3987.149 Safari/537.36"
0:0:0:0:0:0:0:1 - - [03/apr/2020:02:47:17 +0200] "POST /application/account/getCredentials HTTP/1.1" 200 1245 "http://localhost:4200/products" "Mozilla/5.0 (Windows NT 10.0; Win64; x64) AppleWebKit/537.36 (KHTML, like Gecko) Chrome/80.0.3987.149 Safari/537.36"
0:0:0:0:0:0:0:1 - - [03/apr/2020:02:47:22 +0200] "GET /application/product/getProducts HTTP/1.1" 200 818 "http://localhost:4200/products" "Mozilla/5.0 (Windows NT 10.0; Win64; x64) AppleWebKit/537.36 (KHTML, like Gecko) Chrome/80.0.3987.149 Safari/537.36"
0:0:0:0:0:0:0:1 - - [03/apr/2020:02:48:07 +0200] "GET /application/product/getProducts HTTP/1.1" 200 818 "http://localhost:4200/products" "Mozilla/5.0 (Windows NT 10.0; Win64; x64) AppleWebKit/537.36 (KHTML, like Gecko) Chrome/80.0.3987.149 Safari/537.36"
0:0:0:0:0:0:0:1 - - [03/apr/2020:02:48:14 +0200] "GET /application/product/getProducts HTTP/1.1" 200 818 "http://localhost:4200/products" "Mozilla/5.0 (Windows NT 10.0; Win64; x64) AppleWebKit/537.36 (KHTML, like Gecko) Chrome/80.0.3987.149 Safari/537.36"
0:0:0:0:0:0:0:1 - - [03/apr/2020:02:49:00 +0200] "GET /application/hey HTTP/1.1" 404 43 "-" "Mozilla/5.0 (Windows NT 10.0; Win64; x64) AppleWebKit/537.36 (KHTML, like Gecko) Chrome/80.0.3987.149 Safari/537.36"
0:0:0:0:0:0:0:1 - - [03/apr/2020:02:49:00 +0200] "GET /favicon.ico HTTP/1.1" 404 0 "http://localhost:8080/application/hey" "Mozilla/5.0 (Windows NT 10.0; Win64; x64) AppleWebKit/537.36 (KHTML, like Gecko) Chrome/80.0.3987.149 Safari/537.36"
0:0:0:0:0:0:0:1 - - [03/apr/2020:02:49:34 +0200] "GET /application/hey HTTP/1.1" 404 43 "-" "Mozilla/5.0 (Windows NT 10.0; Win64; x64) AppleWebKit/537.36 (KHTML, like Gecko) Chrome/80.0.3987.149 Safari/537.36"
0:0:0:0:0:0:0:1 - - [03/apr/2020:14:08:44 +0200] "OPTIONS /application/account/getCredentials HTTP/1.1" 200 0 "http://localhost:4200/" "Mozilla/5.0 (Windows NT 10.0; Win64; x64) AppleWebKit/537.36 (KHTML, like Gecko) Chrome/80.0.3987.149 Safari/537.36"
0:0:0:0:0:0:0:1 - - [03/apr/2020:14:08:46 +0200] "POST /application/account/getCredentials HTTP/1.1" 200 1245 "http://localhost:4200/" "Mozilla/5.0 (Windows NT 10.0; Win64; x64) AppleWebKit/537.36 (KHTML, like Gecko) Chrome/80.0.3987.149 Safari/537.36"
0:0:0:0:0:0:0:1 - - [03/apr/2020:14:08:49 +0200] "OPTIONS /application/product/getProducts HTTP/1.1" 200 0 "http://localhost:4200/products" "Mozilla/5.0 (Windows NT 10.0; Win64; x64) AppleWebKit/537.36 (KHTML, like Gecko) Chrome/80.0.3987.149 Safari/537.36"
0:0:0:0:0:0:0:1 - - [03/apr/2020:14:08:49 +0200] "GET /application/product/getProducts HTTP/1.1" 200 818 "http://localhost:4200/products" "Mozilla/5.0 (Windows NT 10.0; Win64; x64) AppleWebKit/537.36 (KHTML, like Gecko) Chrome/80.0.3987.149 Safari/537.36"
0:0:0:0:0:0:0:1 - - [03/apr/2020:14:23:22 +0200] "POST /application/account/getCredentials HTTP/1.1" 200 1303 "http://localhost:4200/products" "Mozilla/5.0 (Windows NT 10.0; Win64; x64) AppleWebKit/537.36 (KHTML, like Gecko) Chrome/80.0.3987.149 Safari/537.36"
0:0:0:0:0:0:0:1 - - [03/apr/2020:14:23:22 +0200] "GET /application/product/getProducts HTTP/1.1" 500 168 "http://localhost:4200/products" "Mozilla/5.0 (Windows NT 10.0; Win64; x64) AppleWebKit/537.36 (KHTML, like Gecko) Chrome/80.0.3987.149 Safari/537.36"
0:0:0:0:0:0:0:1 - - [03/apr/2020:14:23:34 +0200] "POST /application/account/getCredentials HTTP/1.1" 200 1303 "http://localhost:4200/products" "Mozilla/5.0 (Windows NT 10.0; Win64; x64) AppleWebKit/537.36 (KHTML, like Gecko) Chrome/80.0.3987.149 Safari/537.36"
0:0:0:0:0:0:0:1 - - [03/apr/2020:14:33:16 +0200] "GET /application/product/getProducts HTTP/1.1" 500 168 "http://localhost:4200/products" "Mozilla/5.0 (Windows NT 10.0; Win64; x64) AppleWebKit/537.36 (KHTML, like Gecko) Chrome/80.0.3987.149 Safari/537.36"
0:0:0:0:0:0:0:1 - - [03/apr/2020:14:33:44 +0200] "POST /application/account/getCredentials HTTP/1.1" 200 1245 "http://localhost:4200/products" "Mozilla/5.0 (Windows NT 10.0; Win64; x64) AppleWebKit/537.36 (KHTML, like Gecko) Chrome/80.0.3987.149 Safari/537.36"
0:0:0:0:0:0:0:1 - - [03/apr/2020:14:33:47 +0200] "GET /application/product/getProducts HTTP/1.1" 200 876 "http://localhost:4200/products" "Mozilla/5.0 (Windows NT 10.0; Win64; x64) AppleWebKit/537.36 (KHTML, like Gecko) Chrome/80.0.3987.149 Safari/537.36"
0:0:0:0:0:0:0:1 - - [03/apr/2020:14:44:19 +0200] "OPTIONS /application/account/getCredentials HTTP/1.1" 200 0 "http://localhost:4200/products" "Mozilla/5.0 (Windows NT 10.0; Win64; x64) AppleWebKit/537.36 (KHTML, like Gecko) Chrome/80.0.3987.149 Safari/537.36"
0:0:0:0:0:0:0:1 - - [03/apr/2020:14:44:22 +0200] "POST /application/account/getCredentials HTTP/1.1" 200 1245 "http://localhost:4200/products" "Mozilla/5.0 (Windows NT 10.0; Win64; x64) AppleWebKit/537.36 (KHTML, like Gecko) Chrome/80.0.3987.149 Safari/537.36"
0:0:0:0:0:0:0:1 - - [03/apr/2020:14:44:24 +0200] "OPTIONS /application/product/getProducts HTTP/1.1" 200 0 "http://localhost:4200/products" "Mozilla/5.0 (Windows NT 10.0; Win64; x64) AppleWebKit/537.36 (KHTML, like Gecko) Chrome/80.0.3987.149 Safari/537.36"
0:0:0:0:0:0:0:1 - - [03/apr/2020:14:44:24 +0200] "GET /application/product/getProducts HTTP/1.1" 200 846 "http://localhost:4200/products" "Mozilla/5.0 (Windows NT 10.0; Win64; x64) AppleWebKit/537.36 (KHTML, like Gecko) Chrome/80.0.3987.149 Safari/537.36"
0:0:0:0:0:0:0:1 - - [03/apr/2020:14:55:12 +0200] "GET /application/product/getProducts HTTP/1.1" 200 818 "http://localhost:4200/products" "Mozilla/5.0 (Windows NT 10.0; Win64; x64) AppleWebKit/537.36 (KHTML, like Gecko) Chrome/80.0.3987.149 Safari/537.36"
0:0:0:0:0:0:0:1 - - [03/apr/2020:14:55:17 +0200] "GET /application/product/getProducts HTTP/1.1" 200 818 "http://localhost:4200/products" "Mozilla/5.0 (Windows NT 10.0; Win64; x64) AppleWebKit/537.36 (KHTML, like Gecko) Chrome/80.0.3987.149 Safari/537.36"
0:0:0:0:0:0:0:1 - - [03/apr/2020:15:21:20 +0200] "OPTIONS /application/account/getCredentials HTTP/1.1" 200 0 "http://localhost:4200/homepage" "Mozilla/5.0 (Windows NT 10.0; Win64; x64) AppleWebKit/537.36 (KHTML, like Gecko) Chrome/80.0.3987.149 Safari/537.36"
0:0:0:0:0:0:0:1 - - [03/apr/2020:15:21:23 +0200] "POST /application/account/getCredentials HTTP/1.1" 200 1245 "http://localhost:4200/homepage" "Mozilla/5.0 (Windows NT 10.0; Win64; x64) AppleWebKit/537.36 (KHTML, like Gecko) Chrome/80.0.3987.149 Safari/537.36"
0:0:0:0:0:0:0:1 - - [03/apr/2020:15:21:27 +0200] "OPTIONS /application/product/getProducts HTTP/1.1" 200 0 "http://localhost:4200/products" "Mozilla/5.0 (Windows NT 10.0; Win64; x64) AppleWebKit/537.36 (KHTML, like Gecko) Chrome/80.0.3987.149 Safari/537.36"
0:0:0:0:0:0:0:1 - - [03/apr/2020:15:21:27 +0200] "GET /application/product/getProducts HTTP/1.1" 200 818 "http://localhost:4200/products" "Mozilla/5.0 (Windows NT 10.0; Win64; x64) AppleWebKit/537.36 (KHTML, like Gecko) Chrome/80.0.3987.149 Safari/537.36"
0:0:0:0:0:0:0:1 - - [03/apr/2020:15:21:37 +0200] "GET /application/product/getProducts HTTP/1.1" 200 818 "http://localhost:4200/products" "Mozilla/5.0 (Windows NT 10.0; Win64; x64) AppleWebKit/537.36 (KHTML, like Gecko) Chrome/80.0.3987.149 Safari/537.36"
0:0:0:0:0:0:0:1 - - [03/apr/2020:15:21:39 +0200] "GET /application/product/getProducts HTTP/1.1" 200 818 "http://localhost:4200/products" "Mozilla/5.0 (Windows NT 10.0; Win64; x64) AppleWebKit/537.36 (KHTML, like Gecko) Chrome/80.0.3987.149 Safari/537.36"
0:0:0:0:0:0:0:1 - - [03/apr/2020:15:40:54 +0200] "POST /application/account/getCredentials HTTP/1.1" 200 1245 "http://localhost:4200/products" "Mozilla/5.0 (Windows NT 10.0; Win64; x64) AppleWebKit/537.36 (KHTML, like Gecko) Chrome/80.0.3987.149 Safari/537.36"
0:0:0:0:0:0:0:1 - - [03/apr/2020:15:41:01 +0200] "POST /application/account/getCredentials HTTP/1.1" 200 1245 "http://localhost:4200/products" "Mozilla/5.0 (Windows NT 10.0; Win64; x64) AppleWebKit/537.36 (KHTML, like Gecko) Chrome/80.0.3987.149 Safari/537.36"
0:0:0:0:0:0:0:1 - - [03/apr/2020:15:41:04 +0200] "GET /application/product/getProducts HTTP/1.1" 200 885 "http://localhost:4200/products" "Mozilla/5.0 (Windows NT 10.0; Win64; x64) AppleWebKit/537.36 (KHTML, like Gecko) Chrome/80.0.3987.149 Safari/537.36"
0:0:0:0:0:0:0:1 - - [03/apr/2020:15:46:36 +0200] "POST /application/account/getCredentials HTTP/1.1" 200 1245 "http://localhost:4200/products" "Mozilla/5.0 (Windows NT 10.0; Win64; x64) AppleWebKit/537.36 (KHTML, like Gecko) Chrome/80.0.3987.149 Safari/537.36"
0:0:0:0:0:0:0:1 - - [03/apr/2020:15:46:40 +0200] "GET /application/product/getProducts HTTP/1.1" 200 0 "http://localhost:4200/products" "Mozilla/5.0 (Windows NT 10.0; Win64; x64) AppleWebKit/537.36 (KHTML, like Gecko) Chrome/80.0.3987.149 Safari/537.36"
0:0:0:0:0:0:0:1 - - [03/apr/2020:15:46:43 +0200] "GET /application/product/getProducts HTTP/1.1" 200 0 "http://localhost:4200/products" "Mozilla/5.0 (Windows NT 10.0; Win64; x64) AppleWebKit/537.36 (KHTML, like Gecko) Chrome/80.0.3987.149 Safari/537.36"
0:0:0:0:0:0:0:1 - - [03/apr/2020:16:01:24 +0200] "OPTIONS /application/account/getCredentials HTTP/1.1" 200 0 "http://localhost:4200/products" "Mozilla/5.0 (Windows NT 10.0; Win64; x64) AppleWebKit/537.36 (KHTML, like Gecko) Chrome/80.0.3987.149 Safari/537.36"
0:0:0:0:0:0:0:1 - - [03/apr/2020:16:01:28 +0200] "POST /application/account/getCredentials HTTP/1.1" 200 1245 "http://localhost:4200/products" "Mozilla/5.0 (Windows NT 10.0; Win64; x64) AppleWebKit/537.36 (KHTML, like Gecko) Chrome/80.0.3987.149 Safari/537.36"
0:0:0:0:0:0:0:1 - - [03/apr/2020:16:01:35 +0200] "OPTIONS /application/product/getProducts HTTP/1.1" 200 0 "http://localhost:4200/products" "Mozilla/5.0 (Windows NT 10.0; Win64; x64) AppleWebKit/537.36 (KHTML, like Gecko) Chrome/80.0.3987.149 Safari/537.36"
0:0:0:0:0:0:0:1 - - [03/apr/2020:16:01:43 +0200] "GET /application/product/getProducts HTTP/1.1" 200 22 "http://localhost:4200/products" "Mozilla/5.0 (Windows NT 10.0; Win64; x64) AppleWebKit/537.36 (KHTML, like Gecko) Chrome/80.0.3987.149 Safari/537.36"
0:0:0:0:0:0:0:1 - - [03/apr/2020:16:02:47 +0200] "GET /application/product/getProducts HTTP/1.1" 500 22 "http://localhost:4200/products" "Mozilla/5.0 (Windows NT 10.0; Win64; x64) AppleWebKit/537.36 (KHTML, like Gecko) Chrome/80.0.3987.149 Safari/537.36"
0:0:0:0:0:0:0:1 - - [03/apr/2020:16:05:46 +0200] "POST /application/account/getCredentials HTTP/1.1" 200 1245 "http://localhost:4200/products" "Mozilla/5.0 (Windows NT 10.0; Win64; x64) AppleWebKit/537.36 (KHTML, like Gecko) Chrome/80.0.3987.149 Safari/537.36"
0:0:0:0:0:0:0:1 - - [03/apr/2020:16:05:49 +0200] "GET /application/product/getProducts HTTP/1.1" 200 3764 "http://localhost:4200/products" "Mozilla/5.0 (Windows NT 10.0; Win64; x64) AppleWebKit/537.36 (KHTML, like Gecko) Chrome/80.0.3987.149 Safari/537.36"
0:0:0:0:0:0:0:1 - - [03/apr/2020:16:21:11 +0200] "POST /application/account/getCredentials HTTP/1.1" 200 1245 "http://localhost:4200/products" "Mozilla/5.0 (Windows NT 10.0; Win64; x64) AppleWebKit/537.36 (KHTML, like Gecko) Chrome/80.0.3987.149 Safari/537.36"
0:0:0:0:0:0:0:1 - - [03/apr/2020:16:21:13 +0200] "GET /application/product/getProducts HTTP/1.1" 200 22 "http://localhost:4200/products" "Mozilla/5.0 (Windows NT 10.0; Win64; x64) AppleWebKit/537.36 (KHTML, like Gecko) Chrome/80.0.3987.149 Safari/537.36"
0:0:0:0:0:0:0:1 - - [03/apr/2020:16:30:45 +0200] "POST /application/account/getCredentials HTTP/1.1" 200 1245 "http://localhost:4200/products" "Mozilla/5.0 (Windows NT 10.0; Win64; x64) AppleWebKit/537.36 (KHTML, like Gecko) Chrome/80.0.3987.149 Safari/537.36"
0:0:0:0:0:0:0:1 - - [03/apr/2020:16:30:48 +0200] "GET /application/product/getProducts HTTP/1.1" 200 22 "http://localhost:4200/products" "Mozilla/5.0 (Windows NT 10.0; Win64; x64) AppleWebKit/537.36 (KHTML, like Gecko) Chrome/80.0.3987.149 Safari/537.36"
0:0:0:0:0:0:0:1 - - [03/apr/2020:16:30:57 +0200] "GET /application/product/getProducts HTTP/1.1" 200 22 "http://localhost:4200/products" "Mozilla/5.0 (Windows NT 10.0; Win64; x64) AppleWebKit/537.36 (KHTML, like Gecko) Chrome/80.0.3987.149 Safari/537.36"
0:0:0:0:0:0:0:1 - - [03/apr/2020:16:37:04 +0200] "OPTIONS /application/account/getCredentials HTTP/1.1" 200 0 "http://localhost:4200/homepage" "Mozilla/5.0 (Windows NT 10.0; Win64; x64) AppleWebKit/537.36 (KHTML, like Gecko) Chrome/80.0.3987.149 Safari/537.36"
0:0:0:0:0:0:0:1 - - [03/apr/2020:16:37:04 +0200] "POST /application/account/getCredentials HTTP/1.1" 200 1245 "http://localhost:4200/homepage" "Mozilla/5.0 (Windows NT 10.0; Win64; x64) AppleWebKit/537.36 (KHTML, like Gecko) Chrome/80.0.3987.149 Safari/537.36"
0:0:0:0:0:0:0:1 - - [03/apr/2020:16:37:06 +0200] "OPTIONS /application/product/getProducts HTTP/1.1" 200 0 "http://localhost:4200/products" "Mozilla/5.0 (Windows NT 10.0; Win64; x64) AppleWebKit/537.36 (KHTML, like Gecko) Chrome/80.0.3987.149 Safari/537.36"
0:0:0:0:0:0:0:1 - - [03/apr/2020:16:37:06 +0200] "GET /application/product/getProducts HTTP/1.1" 200 822 "http://localhost:4200/products" "Mozilla/5.0 (Windows NT 10.0; Win64; x64) AppleWebKit/537.36 (KHTML, like Gecko) Chrome/80.0.3987.149 Safari/537.36"
0:0:0:0:0:0:0:1 - - [03/apr/2020:16:37:53 +0200] "GET /application/product/getProducts HTTP/1.1" 200 826 "http://localhost:4200/products" "Mozilla/5.0 (Windows NT 10.0; Win64; x64) AppleWebKit/537.36 (KHTML, like Gecko) Chrome/80.0.3987.149 Safari/537.36"
0:0:0:0:0:0:0:1 - - [03/apr/2020:16:38:20 +0200] "GET /application/product/getProducts HTTP/1.1" 500 118 "http://localhost:4200/products" "Mozilla/5.0 (Windows NT 10.0; Win64; x64) AppleWebKit/537.36 (KHTML, like Gecko) Chrome/80.0.3987.149 Safari/537.36"
0:0:0:0:0:0:0:1 - - [03/apr/2020:16:39:16 +0200] "POST /application/account/getCredentials HTTP/1.1" 200 1245 "http://localhost:4200/products" "Mozilla/5.0 (Windows NT 10.0; Win64; x64) AppleWebKit/537.36 (KHTML, like Gecko) Chrome/80.0.3987.149 Safari/537.36"
0:0:0:0:0:0:0:1 - - [03/apr/2020:16:39:18 +0200] "GET /application/product/getProducts HTTP/1.1" 200 826 "http://localhost:4200/products" "Mozilla/5.0 (Windows NT 10.0; Win64; x64) AppleWebKit/537.36 (KHTML, like Gecko) Chrome/80.0.3987.149 Safari/537.36"
0:0:0:0:0:0:0:1 - - [03/apr/2020:16:39:25 +0200] "GET /application/product/getProducts HTTP/1.1" 200 826 "http://localhost:4200/products" "Mozilla/5.0 (Windows NT 10.0; Win64; x64) AppleWebKit/537.36 (KHTML, like Gecko) Chrome/80.0.3987.149 Safari/537.36"
0:0:0:0:0:0:0:1 - - [03/apr/2020:16:39:27 +0200] "GET /application/product/getProducts HTTP/1.1" 200 826 "http://localhost:4200/products" "Mozilla/5.0 (Windows NT 10.0; Win64; x64) AppleWebKit/537.36 (KHTML, like Gecko) Chrome/80.0.3987.149 Safari/537.36"
0:0:0:0:0:0:0:1 - - [03/apr/2020:16:39:28 +0200] "GET /application/product/getProducts HTTP/1.1" 200 826 "http://localhost:4200/products" "Mozilla/5.0 (Windows NT 10.0; Win64; x64) AppleWebKit/537.36 (KHTML, like Gecko) Chrome/80.0.3987.149 Safari/537.36"
0:0:0:0:0:0:0:1 - - [03/apr/2020:16:46:26 +0200] "POST /application/account/getCredentials HTTP/1.1" 200 1245 "http://localhost:4200/products" "Mozilla/5.0 (Windows NT 10.0; Win64; x64) AppleWebKit/537.36 (KHTML, like Gecko) Chrome/80.0.3987.149 Safari/537.36"
0:0:0:0:0:0:0:1 - - [03/apr/2020:16:46:27 +0200] "GET /application/product/getProducts HTTP/1.1" 200 822 "http://localhost:4200/products" "Mozilla/5.0 (Windows NT 10.0; Win64; x64) AppleWebKit/537.36 (KHTML, like Gecko) Chrome/80.0.3987.149 Safari/537.36"
0:0:0:0:0:0:0:1 - - [03/apr/2020:16:49:49 +0200] "GET /application/product/getProducts HTTP/1.1" 500 118 "http://localhost:4200/products" "Mozilla/5.0 (Windows NT 10.0; Win64; x64) AppleWebKit/537.36 (KHTML, like Gecko) Chrome/80.0.3987.149 Safari/537.36"
0:0:0:0:0:0:0:1 - - [03/apr/2020:16:49:56 +0200] "POST /application/account/getCredentials HTTP/1.1" 200 1245 "http://localhost:4200/products" "Mozilla/5.0 (Windows NT 10.0; Win64; x64) AppleWebKit/537.36 (KHTML, like Gecko) Chrome/80.0.3987.149 Safari/537.36"
0:0:0:0:0:0:0:1 - - [03/apr/2020:16:50:00 +0200] "GET /application/product/getProducts HTTP/1.1" 200 826 "http://localhost:4200/products" "Mozilla/5.0 (Windows NT 10.0; Win64; x64) AppleWebKit/537.36 (KHTML, like Gecko) Chrome/80.0.3987.149 Safari/537.36"
0:0:0:0:0:0:0:1 - - [03/apr/2020:17:12:41 +0200] "OPTIONS /application/account/getCredentials HTTP/1.1" 200 0 "http://localhost:4200/products" "Mozilla/5.0 (Windows NT 10.0; Win64; x64) AppleWebKit/537.36 (KHTML, like Gecko) Chrome/80.0.3987.149 Safari/537.36"
0:0:0:0:0:0:0:1 - - [03/apr/2020:17:12:42 +0200] "POST /application/account/getCredentials HTTP/1.1" 200 1245 "http://localhost:4200/products" "Mozilla/5.0 (Windows NT 10.0; Win64; x64) AppleWebKit/537.36 (KHTML, like Gecko) Chrome/80.0.3987.149 Safari/537.36"
0:0:0:0:0:0:0:1 - - [03/apr/2020:17:12:45 +0200] "OPTIONS /application/product/getProducts HTTP/1.1" 200 0 "http://localhost:4200/products" "Mozilla/5.0 (Windows NT 10.0; Win64; x64) AppleWebKit/537.36 (KHTML, like Gecko) Chrome/80.0.3987.149 Safari/537.36"
0:0:0:0:0:0:0:1 - - [03/apr/2020:17:12:45 +0200] "GET /application/product/getProducts HTTP/1.1" 200 835 "http://localhost:4200/products" "Mozilla/5.0 (Windows NT 10.0; Win64; x64) AppleWebKit/537.36 (KHTML, like Gecko) Chrome/80.0.3987.149 Safari/537.36"
0:0:0:0:0:0:0:1 - - [03/apr/2020:17:13:11 +0200] "GET /application/product/getProducts HTTP/1.1" 200 835 "http://localhost:4200/products" "Mozilla/5.0 (Windows NT 10.0; Win64; x64) AppleWebKit/537.36 (KHTML, like Gecko) Chrome/80.0.3987.149 Safari/537.36"
0:0:0:0:0:0:0:1 - - [03/apr/2020:17:13:14 +0200] "GET /application/product/getProducts HTTP/1.1" 200 835 "http://localhost:4200/products" "Mozilla/5.0 (Windows NT 10.0; Win64; x64) AppleWebKit/537.36 (KHTML, like Gecko) Chrome/80.0.3987.149 Safari/537.36"
0:0:0:0:0:0:0:1 - - [03/apr/2020:17:13:22 +0200] "POST /application/account/getCredentials HTTP/1.1" 200 1245 "http://localhost:4200/products" "Mozilla/5.0 (Windows NT 10.0; Win64; x64) AppleWebKit/537.36 (KHTML, like Gecko) Chrome/80.0.3987.149 Safari/537.36"
0:0:0:0:0:0:0:1 - - [03/apr/2020:17:13:24 +0200] "GET /application/product/getProducts HTTP/1.1" 200 835 "http://localhost:4200/products" "Mozilla/5.0 (Windows NT 10.0; Win64; x64) AppleWebKit/537.36 (KHTML, like Gecko) Chrome/80.0.3987.149 Safari/537.36"
0:0:0:0:0:0:0:1 - - [03/apr/2020:17:13:53 +0200] "GET /application/product/getProducts HTTP/1.1" 200 837 "http://localhost:4200/products" "Mozilla/5.0 (Windows NT 10.0; Win64; x64) AppleWebKit/537.36 (KHTML, like Gecko) Chrome/80.0.3987.149 Safari/537.36"
0:0:0:0:0:0:0:1 - - [03/apr/2020:17:15:51 +0200] "GET /application/product/getProducts HTTP/1.1" 500 0 "http://localhost:4200/products" "Mozilla/5.0 (Windows NT 10.0; Win64; x64) AppleWebKit/537.36 (KHTML, like Gecko) Chrome/80.0.3987.149 Safari/537.36"
0:0:0:0:0:0:0:1 - - [03/apr/2020:17:19:32 +0200] "POST /application/account/getCredentials HTTP/1.1" 200 1245 "http://localhost:4200/products" "Mozilla/5.0 (Windows NT 10.0; Win64; x64) AppleWebKit/537.36 (KHTML, like Gecko) Chrome/80.0.3987.149 Safari/537.36"
0:0:0:0:0:0:0:1 - - [03/apr/2020:17:19:35 +0200] "GET /application/product/getProducts HTTP/1.1" 200 0 "http://localhost:4200/products" "Mozilla/5.0 (Windows NT 10.0; Win64; x64) AppleWebKit/537.36 (KHTML, like Gecko) Chrome/80.0.3987.149 Safari/537.36"
0:0:0:0:0:0:0:1 - - [03/apr/2020:17:20:30 +0200] "POST /application/account/getCredentials HTTP/1.1" 200 1245 "http://localhost:4200/products" "Mozilla/5.0 (Windows NT 10.0; Win64; x64) AppleWebKit/537.36 (KHTML, like Gecko) Chrome/80.0.3987.149 Safari/537.36"
0:0:0:0:0:0:0:1 - - [03/apr/2020:17:20:32 +0200] "GET /application/product/getProducts HTTP/1.1" 200 846 "http://localhost:4200/products" "Mozilla/5.0 (Windows NT 10.0; Win64; x64) AppleWebKit/537.36 (KHTML, like Gecko) Chrome/80.0.3987.149 Safari/537.36"
0:0:0:0:0:0:0:1 - - [03/apr/2020:17:20:44 +0200] "GET /application/product/getProducts HTTP/1.1" 200 846 "http://localhost:4200/products" "Mozilla/5.0 (Windows NT 10.0; Win64; x64) AppleWebKit/537.36 (KHTML, like Gecko) Chrome/80.0.3987.149 Safari/537.36"
0:0:0:0:0:0:0:1 - - [03/apr/2020:17:22:36 +0200] "GET /application/product/getProducts HTTP/1.1" 200 818 "http://localhost:4200/products" "Mozilla/5.0 (Windows NT 10.0; Win64; x64) AppleWebKit/537.36 (KHTML, like Gecko) Chrome/80.0.3987.149 Safari/537.36"
0:0:0:0:0:0:0:1 - - [03/apr/2020:17:39:13 +0200] "POST /application/account/getCredentials HTTP/1.1" 200 1245 "http://localhost:4200/products" "Mozilla/5.0 (Windows NT 10.0; Win64; x64) AppleWebKit/537.36 (KHTML, like Gecko) Chrome/80.0.3987.149 Safari/537.36"
0:0:0:0:0:0:0:1 - - [03/apr/2020:17:39:14 +0200] "GET /application/product/getProducts HTTP/1.1" 200 848 "http://localhost:4200/products" "Mozilla/5.0 (Windows NT 10.0; Win64; x64) AppleWebKit/537.36 (KHTML, like Gecko) Chrome/80.0.3987.149 Safari/537.36"
0:0:0:0:0:0:0:1 - - [03/apr/2020:17:47:52 +0200] "OPTIONS /application/account/getCredentials HTTP/1.1" 200 0 "http://localhost:4200/homepage" "Mozilla/5.0 (Windows NT 10.0; Win64; x64) AppleWebKit/537.36 (KHTML, like Gecko) Chrome/80.0.3987.149 Safari/537.36"
0:0:0:0:0:0:0:1 - - [03/apr/2020:17:47:53 +0200] "POST /application/account/getCredentials HTTP/1.1" 200 1245 "http://localhost:4200/homepage" "Mozilla/5.0 (Windows NT 10.0; Win64; x64) AppleWebKit/537.36 (KHTML, like Gecko) Chrome/80.0.3987.149 Safari/537.36"
0:0:0:0:0:0:0:1 - - [03/apr/2020:17:47:54 +0200] "OPTIONS /application/product/getProducts HTTP/1.1" 200 0 "http://localhost:4200/products" "Mozilla/5.0 (Windows NT 10.0; Win64; x64) AppleWebKit/537.36 (KHTML, like Gecko) Chrome/80.0.3987.149 Safari/537.36"
0:0:0:0:0:0:0:1 - - [03/apr/2020:17:47:54 +0200] "GET /application/product/getProducts HTTP/1.1" 200 856 "http://localhost:4200/products" "Mozilla/5.0 (Windows NT 10.0; Win64; x64) AppleWebKit/537.36 (KHTML, like Gecko) Chrome/80.0.3987.149 Safari/537.36"
0:0:0:0:0:0:0:1 - - [03/apr/2020:17:48:11 +0200] "GET /application/product/getProducts HTTP/1.1" 200 856 "http://localhost:4200/products" "Mozilla/5.0 (Windows NT 10.0; Win64; x64) AppleWebKit/537.36 (KHTML, like Gecko) Chrome/80.0.3987.149 Safari/537.36"
0:0:0:0:0:0:0:1 - - [03/apr/2020:17:48:51 +0200] "GET /application/product/getProducts HTTP/1.1" 200 856 "http://localhost:4200/products" "Mozilla/5.0 (Windows NT 10.0; Win64; x64) AppleWebKit/537.36 (KHTML, like Gecko) Chrome/80.0.3987.149 Safari/537.36"
0:0:0:0:0:0:0:1 - - [03/apr/2020:17:50:13 +0200] "GET /application/product/getProducts HTTP/1.1" 500 148 "http://localhost:4200/products" "Mozilla/5.0 (Windows NT 10.0; Win64; x64) AppleWebKit/537.36 (KHTML, like Gecko) Chrome/80.0.3987.149 Safari/537.36"
0:0:0:0:0:0:0:1 - - [03/apr/2020:17:50:31 +0200] "GET /application/product/getProducts HTTP/1.1" 500 148 "http://localhost:4200/products" "Mozilla/5.0 (Windows NT 10.0; Win64; x64) AppleWebKit/537.36 (KHTML, like Gecko) Chrome/80.0.3987.149 Safari/537.36"
0:0:0:0:0:0:0:1 - - [03/apr/2020:17:51:39 +0200] "GET /application/product/getProducts HTTP/1.1" 500 148 "http://localhost:4200/products" "Mozilla/5.0 (Windows NT 10.0; Win64; x64) AppleWebKit/537.36 (KHTML, like Gecko) Chrome/80.0.3987.149 Safari/537.36"
0:0:0:0:0:0:0:1 - - [03/apr/2020:17:51:43 +0200] "GET /application/product/getProducts HTTP/1.1" 500 148 "http://localhost:4200/products" "Mozilla/5.0 (Windows NT 10.0; Win64; x64) AppleWebKit/537.36 (KHTML, like Gecko) Chrome/80.0.3987.149 Safari/537.36"
0:0:0:0:0:0:0:1 - - [03/apr/2020:17:51:50 +0200] "POST /application/account/getCredentials HTTP/1.1" 200 1245 "http://localhost:4200/products" "Mozilla/5.0 (Windows NT 10.0; Win64; x64) AppleWebKit/537.36 (KHTML, like Gecko) Chrome/80.0.3987.149 Safari/537.36"
0:0:0:0:0:0:0:1 - - [03/apr/2020:17:51:53 +0200] "GET /application/product/getProducts HTTP/1.1" 200 856 "http://localhost:4200/products" "Mozilla/5.0 (Windows NT 10.0; Win64; x64) AppleWebKit/537.36 (KHTML, like Gecko) Chrome/80.0.3987.149 Safari/537.36"
0:0:0:0:0:0:0:1 - - [03/apr/2020:17:53:13 +0200] "GET /application/product/getProducts HTTP/1.1" 500 148 "http://localhost:4200/products" "Mozilla/5.0 (Windows NT 10.0; Win64; x64) AppleWebKit/537.36 (KHTML, like Gecko) Chrome/80.0.3987.149 Safari/537.36"
0:0:0:0:0:0:0:1 - - [03/apr/2020:17:53:18 +0200] "GET /application/product/getProducts HTTP/1.1" 500 148 "http://localhost:4200/products" "Mozilla/5.0 (Windows NT 10.0; Win64; x64) AppleWebKit/537.36 (KHTML, like Gecko) Chrome/80.0.3987.149 Safari/537.36"
0:0:0:0:0:0:0:1 - - [03/apr/2020:17:53:36 +0200] "POST /application/account/getCredentials HTTP/1.1" 200 1245 "http://localhost:4200/homepage" "Mozilla/5.0 (Windows NT 10.0; Win64; x64) AppleWebKit/537.36 (KHTML, like Gecko) Chrome/80.0.3987.149 Safari/537.36"
0:0:0:0:0:0:0:1 - - [03/apr/2020:17:53:38 +0200] "GET /application/product/getProducts HTTP/1.1" 200 856 "http://localhost:4200/products" "Mozilla/5.0 (Windows NT 10.0; Win64; x64) AppleWebKit/537.36 (KHTML, like Gecko) Chrome/80.0.3987.149 Safari/537.36"
0:0:0:0:0:0:0:1 - - [03/apr/2020:17:54:18 +0200] "GET /application/product/getProducts HTTP/1.1" 200 856 "http://localhost:4200/products" "Mozilla/5.0 (Windows NT 10.0; Win64; x64) AppleWebKit/537.36 (KHTML, like Gecko) Chrome/80.0.3987.149 Safari/537.36"
0:0:0:0:0:0:0:1 - - [03/apr/2020:17:54:54 +0200] "GET /application/product/getProducts HTTP/1.1" 500 148 "http://localhost:4200/products" "Mozilla/5.0 (Windows NT 10.0; Win64; x64) AppleWebKit/537.36 (KHTML, like Gecko) Chrome/80.0.3987.149 Safari/537.36"
0:0:0:0:0:0:0:1 - - [03/apr/2020:17:54:56 +0200] "GET /application/product/getProducts HTTP/1.1" 500 148 "http://localhost:4200/products" "Mozilla/5.0 (Windows NT 10.0; Win64; x64) AppleWebKit/537.36 (KHTML, like Gecko) Chrome/80.0.3987.149 Safari/537.36"
0:0:0:0:0:0:0:1 - - [03/apr/2020:17:56:31 +0200] "GET /application/product/getProducts HTTP/1.1" 500 148 "http://localhost:4200/products" "Mozilla/5.0 (Windows NT 10.0; Win64; x64) AppleWebKit/537.36 (KHTML, like Gecko) Chrome/80.0.3987.149 Safari/537.36"
0:0:0:0:0:0:0:1 - - [03/apr/2020:17:57:11 +0200] "GET /application/product/getProducts HTTP/1.1" 500 148 "http://localhost:4200/products" "Mozilla/5.0 (Windows NT 10.0; Win64; x64) AppleWebKit/537.36 (KHTML, like Gecko) Chrome/80.0.3987.149 Safari/537.36"
0:0:0:0:0:0:0:1 - - [03/apr/2020:17:57:15 +0200] "GET /application/product/getProducts HTTP/1.1" 500 148 "http://localhost:4200/products" "Mozilla/5.0 (Windows NT 10.0; Win64; x64) AppleWebKit/537.36 (KHTML, like Gecko) Chrome/80.0.3987.149 Safari/537.36"
0:0:0:0:0:0:0:1 - - [03/apr/2020:17:57:30 +0200] "POST /application/account/getCredentials HTTP/1.1" 200 1245 "http://localhost:4200/homepage" "Mozilla/5.0 (Windows NT 10.0; Win64; x64) AppleWebKit/537.36 (KHTML, like Gecko) Chrome/80.0.3987.149 Safari/537.36"
0:0:0:0:0:0:0:1 - - [03/apr/2020:17:57:31 +0200] "GET /application/product/getProducts HTTP/1.1" 200 856 "http://localhost:4200/products" "Mozilla/5.0 (Windows NT 10.0; Win64; x64) AppleWebKit/537.36 (KHTML, like Gecko) Chrome/80.0.3987.149 Safari/537.36"
0:0:0:0:0:0:0:1 - - [03/apr/2020:17:59:37 +0200] "GET /application/product/getProducts HTTP/1.1" 500 148 "http://localhost:4200/products" "Mozilla/5.0 (Windows NT 10.0; Win64; x64) AppleWebKit/537.36 (KHTML, like Gecko) Chrome/80.0.3987.149 Safari/537.36"
0:0:0:0:0:0:0:1 - - [03/apr/2020:17:59:41 +0200] "GET /application/product/getProducts HTTP/1.1" 500 148 "http://localhost:4200/products" "Mozilla/5.0 (Windows NT 10.0; Win64; x64) AppleWebKit/537.36 (KHTML, like Gecko) Chrome/80.0.3987.149 Safari/537.36"
0:0:0:0:0:0:0:1 - - [03/apr/2020:17:59:49 +0200] "POST /application/account/getCredentials HTTP/1.1" 200 1245 "http://localhost:4200/products" "Mozilla/5.0 (Windows NT 10.0; Win64; x64) AppleWebKit/537.36 (KHTML, like Gecko) Chrome/80.0.3987.149 Safari/537.36"
0:0:0:0:0:0:0:1 - - [03/apr/2020:17:59:51 +0200] "GET /application/product/getProducts HTTP/1.1" 200 856 "http://localhost:4200/products" "Mozilla/5.0 (Windows NT 10.0; Win64; x64) AppleWebKit/537.36 (KHTML, like Gecko) Chrome/80.0.3987.149 Safari/537.36"
0:0:0:0:0:0:0:1 - - [03/apr/2020:18:04:08 +0200] "GET /application/product/getProducts HTTP/1.1" 500 148 "http://localhost:4200/products" "Mozilla/5.0 (Windows NT 10.0; Win64; x64) AppleWebKit/537.36 (KHTML, like Gecko) Chrome/80.0.3987.149 Safari/537.36"
0:0:0:0:0:0:0:1 - - [03/apr/2020:18:06:11 +0200] "GET /application/product/getProducts HTTP/1.1" 500 148 "http://localhost:4200/products" "Mozilla/5.0 (Windows NT 10.0; Win64; x64) AppleWebKit/537.36 (KHTML, like Gecko) Chrome/80.0.3987.149 Safari/537.36"
0:0:0:0:0:0:0:1 - - [03/apr/2020:18:08:20 +0200] "GET /application/product/getProducts HTTP/1.1" 200 856 "http://localhost:4200/products" "Mozilla/5.0 (Windows NT 10.0; Win64; x64) AppleWebKit/537.36 (KHTML, like Gecko) Chrome/80.0.3987.149 Safari/537.36"
0:0:0:0:0:0:0:1 - - [03/apr/2020:18:08:20 +0200] "GET /application/product/getProducts HTTP/1.1" 200 856 "http://localhost:4200/products" "Mozilla/5.0 (Windows NT 10.0; Win64; x64) AppleWebKit/537.36 (KHTML, like Gecko) Chrome/80.0.3987.149 Safari/537.36"
0:0:0:0:0:0:0:1 - - [03/apr/2020:18:08:30 +0200] "GET /application/product/getProducts HTTP/1.1" 200 856 "http://localhost:4200/products" "Mozilla/5.0 (Windows NT 10.0; Win64; x64) AppleWebKit/537.36 (KHTML, like Gecko) Chrome/80.0.3987.149 Safari/537.36"
0:0:0:0:0:0:0:1 - - [03/apr/2020:18:08:33 +0200] "GET /application/product/getProducts HTTP/1.1" 200 856 "http://localhost:4200/products" "Mozilla/5.0 (Windows NT 10.0; Win64; x64) AppleWebKit/537.36 (KHTML, like Gecko) Chrome/80.0.3987.149 Safari/537.36"
0:0:0:0:0:0:0:1 - - [03/apr/2020:19:01:59 +0200] "OPTIONS /application/product/getProducts HTTP/1.1" 200 0 "http://localhost:4200/products" "Mozilla/5.0 (Windows NT 10.0; Win64; x64) AppleWebKit/537.36 (KHTML, like Gecko) Chrome/80.0.3987.149 Safari/537.36"
0:0:0:0:0:0:0:1 - - [03/apr/2020:19:02:01 +0200] "GET /application/product/getProducts HTTP/1.1" 200 856 "http://localhost:4200/products" "Mozilla/5.0 (Windows NT 10.0; Win64; x64) AppleWebKit/537.36 (KHTML, like Gecko) Chrome/80.0.3987.149 Safari/537.36"
0:0:0:0:0:0:0:1 - - [03/apr/2020:19:02:03 +0200] "GET /application/product/getProducts HTTP/1.1" 200 856 "http://localhost:4200/products" "Mozilla/5.0 (Windows NT 10.0; Win64; x64) AppleWebKit/537.36 (KHTML, like Gecko) Chrome/80.0.3987.149 Safari/537.36"
0:0:0:0:0:0:0:1 - - [03/apr/2020:19:02:05 +0200] "GET /application/product/getProducts HTTP/1.1" 200 856 "http://localhost:4200/products" "Mozilla/5.0 (Windows NT 10.0; Win64; x64) AppleWebKit/537.36 (KHTML, like Gecko) Chrome/80.0.3987.149 Safari/537.36"
0:0:0:0:0:0:0:1 - - [03/apr/2020:19:02:12 +0200] "GET /application/product/getProducts HTTP/1.1" 200 856 "http://localhost:4200/products" "Mozilla/5.0 (Windows NT 10.0; Win64; x64) AppleWebKit/537.36 (KHTML, like Gecko) Chrome/80.0.3987.149 Safari/537.36"
0:0:0:0:0:0:0:1 - - [03/apr/2020:19:02:52 +0200] "GET /application/product/getProducts HTTP/1.1" 200 856 "http://localhost:4200/products" "Mozilla/5.0 (Windows NT 10.0; Win64; x64) AppleWebKit/537.36 (KHTML, like Gecko) Chrome/80.0.3987.149 Safari/537.36"
0:0:0:0:0:0:0:1 - - [03/apr/2020:19:02:55 +0200] "GET /application/product/getProducts HTTP/1.1" 200 856 "http://localhost:4200/products" "Mozilla/5.0 (Windows NT 10.0; Win64; x64) AppleWebKit/537.36 (KHTML, like Gecko) Chrome/80.0.3987.149 Safari/537.36"
0:0:0:0:0:0:0:1 - - [03/apr/2020:19:02:57 +0200] "GET /application/product/getProducts HTTP/1.1" 200 856 "http://localhost:4200/products" "Mozilla/5.0 (Windows NT 10.0; Win64; x64) AppleWebKit/537.36 (KHTML, like Gecko) Chrome/80.0.3987.149 Safari/537.36"
0:0:0:0:0:0:0:1 - - [03/apr/2020:19:02:58 +0200] "GET /application/product/getProducts HTTP/1.1" 200 856 "http://localhost:4200/products" "Mozilla/5.0 (Windows NT 10.0; Win64; x64) AppleWebKit/537.36 (KHTML, like Gecko) Chrome/80.0.3987.149 Safari/537.36"
0:0:0:0:0:0:0:1 - - [03/apr/2020:19:03:00 +0200] "GET /application/product/getProducts HTTP/1.1" 200 856 "http://localhost:4200/products" "Mozilla/5.0 (Windows NT 10.0; Win64; x64) AppleWebKit/537.36 (KHTML, like Gecko) Chrome/80.0.3987.149 Safari/537.36"
0:0:0:0:0:0:0:1 - - [03/apr/2020:19:03:02 +0200] "GET /application/product/getProducts HTTP/1.1" 200 856 "http://localhost:4200/products" "Mozilla/5.0 (Windows NT 10.0; Win64; x64) AppleWebKit/537.36 (KHTML, like Gecko) Chrome/80.0.3987.149 Safari/537.36"
0:0:0:0:0:0:0:1 - - [03/apr/2020:19:03:03 +0200] "GET /application/product/getProducts HTTP/1.1" 200 856 "http://localhost:4200/products" "Mozilla/5.0 (Windows NT 10.0; Win64; x64) AppleWebKit/537.36 (KHTML, like Gecko) Chrome/80.0.3987.149 Safari/537.36"
0:0:0:0:0:0:0:1 - - [03/apr/2020:19:03:05 +0200] "GET /application/product/getProducts HTTP/1.1" 200 856 "http://localhost:4200/products" "Mozilla/5.0 (Windows NT 10.0; Win64; x64) AppleWebKit/537.36 (KHTML, like Gecko) Chrome/80.0.3987.149 Safari/537.36"
0:0:0:0:0:0:0:1 - - [03/apr/2020:19:03:07 +0200] "GET /application/product/getProducts HTTP/1.1" 200 856 "http://localhost:4200/products" "Mozilla/5.0 (Windows NT 10.0; Win64; x64) AppleWebKit/537.36 (KHTML, like Gecko) Chrome/80.0.3987.149 Safari/537.36"
0:0:0:0:0:0:0:1 - - [03/apr/2020:19:03:43 +0200] "GET /application/product/getProducts HTTP/1.1" 200 856 "http://localhost:4200/products" "Mozilla/5.0 (Windows NT 10.0; Win64; x64) AppleWebKit/537.36 (KHTML, like Gecko) Chrome/80.0.3987.149 Safari/537.36"
0:0:0:0:0:0:0:1 - - [03/apr/2020:19:04:14 +0200] "GET /application/product/getProducts HTTP/1.1" 200 856 "http://localhost:4200/products" "Mozilla/5.0 (Windows NT 10.0; Win64; x64) AppleWebKit/537.36 (KHTML, like Gecko) Chrome/80.0.3987.149 Safari/537.36"
0:0:0:0:0:0:0:1 - - [03/apr/2020:19:04:16 +0200] "GET /application/product/getProducts HTTP/1.1" 200 856 "http://localhost:4200/products" "Mozilla/5.0 (Windows NT 10.0; Win64; x64) AppleWebKit/537.36 (KHTML, like Gecko) Chrome/80.0.3987.149 Safari/537.36"
0:0:0:0:0:0:0:1 - - [03/apr/2020:19:04:18 +0200] "GET /application/product/getProducts HTTP/1.1" 200 856 "http://localhost:4200/products" "Mozilla/5.0 (Windows NT 10.0; Win64; x64) AppleWebKit/537.36 (KHTML, like Gecko) Chrome/80.0.3987.149 Safari/537.36"
0:0:0:0:0:0:0:1 - - [03/apr/2020:19:04:20 +0200] "GET /application/product/getProducts HTTP/1.1" 200 856 "http://localhost:4200/products" "Mozilla/5.0 (Windows NT 10.0; Win64; x64) AppleWebKit/537.36 (KHTML, like Gecko) Chrome/80.0.3987.149 Safari/537.36"
0:0:0:0:0:0:0:1 - - [03/apr/2020:19:04:22 +0200] "GET /application/product/getProducts HTTP/1.1" 200 856 "http://localhost:4200/products" "Mozilla/5.0 (Windows NT 10.0; Win64; x64) AppleWebKit/537.36 (KHTML, like Gecko) Chrome/80.0.3987.149 Safari/537.36"
0:0:0:0:0:0:0:1 - - [03/apr/2020:19:21:22 +0200] "GET /application/product/getProducts HTTP/1.1" 200 818 "http://localhost:4200/products" "Mozilla/5.0 (Windows NT 10.0; Win64; x64) AppleWebKit/537.36 (KHTML, like Gecko) Chrome/80.0.3987.149 Safari/537.36"
0:0:0:0:0:0:0:1 - - [03/apr/2020:19:21:39 +0200] "GET /application/product/getProducts HTTP/1.1" 200 818 "http://localhost:4200/products" "Mozilla/5.0 (Windows NT 10.0; Win64; x64) AppleWebKit/537.36 (KHTML, like Gecko) Chrome/80.0.3987.149 Safari/537.36"
0:0:0:0:0:0:0:1 - - [03/apr/2020:19:23:14 +0200] "GET /application/product/getProducts HTTP/1.1" 200 818 "http://localhost:4200/products" "Mozilla/5.0 (Windows NT 10.0; Win64; x64) AppleWebKit/537.36 (KHTML, like Gecko) Chrome/80.0.3987.149 Safari/537.36"
0:0:0:0:0:0:0:1 - - [03/apr/2020:19:23:17 +0200] "GET /application/product/getProducts HTTP/1.1" 200 818 "http://localhost:4200/products" "Mozilla/5.0 (Windows NT 10.0; Win64; x64) AppleWebKit/537.36 (KHTML, like Gecko) Chrome/80.0.3987.149 Safari/537.36"
0:0:0:0:0:0:0:1 - - [03/apr/2020:19:30:45 +0200] "GET /application/product/getProducts HTTP/1.1" 500 0 "http://localhost:4200/products" "Mozilla/5.0 (Windows NT 10.0; Win64; x64) AppleWebKit/537.36 (KHTML, like Gecko) Chrome/80.0.3987.149 Safari/537.36"
0:0:0:0:0:0:0:1 - - [03/apr/2020:19:31:39 +0200] "GET /application/product/getProducts HTTP/1.1" 500 0 "http://localhost:4200/products" "Mozilla/5.0 (Windows NT 10.0; Win64; x64) AppleWebKit/537.36 (KHTML, like Gecko) Chrome/80.0.3987.149 Safari/537.36"
0:0:0:0:0:0:0:1 - - [03/apr/2020:19:33:21 +0200] "OPTIONS /application/product/getProducts HTTP/1.1" 200 0 "http://localhost:4200/products" "Mozilla/5.0 (Windows NT 10.0; Win64; x64) AppleWebKit/537.36 (KHTML, like Gecko) Chrome/80.0.3987.149 Safari/537.36"
0:0:0:0:0:0:0:1 - - [03/apr/2020:19:33:24 +0200] "GET /application/product/getProducts HTTP/1.1" 200 856 "http://localhost:4200/products" "Mozilla/5.0 (Windows NT 10.0; Win64; x64) AppleWebKit/537.36 (KHTML, like Gecko) Chrome/80.0.3987.149 Safari/537.36"
0:0:0:0:0:0:0:1 - - [03/apr/2020:19:46:42 +0200] "GET /application/product/getProducts HTTP/1.1" 200 856 "http://localhost:4200/products" "Mozilla/5.0 (Windows NT 10.0; Win64; x64) AppleWebKit/537.36 (KHTML, like Gecko) Chrome/80.0.3987.149 Safari/537.36"
0:0:0:0:0:0:0:1 - - [03/apr/2020:19:49:49 +0200] "GET /application/product/getProducts HTTP/1.1" 200 856 "http://localhost:4200/products" "Mozilla/5.0 (Windows NT 10.0; Win64; x64) AppleWebKit/537.36 (KHTML, like Gecko) Chrome/80.0.3987.149 Safari/537.36"
0:0:0:0:0:0:0:1 - - [03/apr/2020:20:11:13 +0200] "OPTIONS /application/product/getProducts HTTP/1.1" 200 0 "http://localhost:4200/products" "Mozilla/5.0 (Windows NT 10.0; Win64; x64) AppleWebKit/537.36 (KHTML, like Gecko) Chrome/80.0.3987.149 Safari/537.36"
0:0:0:0:0:0:0:1 - - [03/apr/2020:20:11:15 +0200] "GET /application/product/getProducts HTTP/1.1" 200 2080 "http://localhost:4200/products" "Mozilla/5.0 (Windows NT 10.0; Win64; x64) AppleWebKit/537.36 (KHTML, like Gecko) Chrome/80.0.3987.149 Safari/537.36"
0:0:0:0:0:0:0:1 - - [03/apr/2020:20:29:09 +0200] "GET /application/product/getProducts HTTP/1.1" 200 2106 "http://localhost:4200/products" "Mozilla/5.0 (Windows NT 10.0; Win64; x64) AppleWebKit/537.36 (KHTML, like Gecko) Chrome/80.0.3987.149 Safari/537.36"
0:0:0:0:0:0:0:1 - - [03/apr/2020:20:29:30 +0200] "GET /application/product/getProducts HTTP/1.1" 200 2106 "http://localhost:4200/products" "Mozilla/5.0 (Windows NT 10.0; Win64; x64) AppleWebKit/537.36 (KHTML, like Gecko) Chrome/80.0.3987.149 Safari/537.36"
0:0:0:0:0:0:0:1 - - [03/apr/2020:20:30:06 +0200] "GET /application/product/getProducts HTTP/1.1" 200 2106 "http://localhost:4200/products" "Mozilla/5.0 (Windows NT 10.0; Win64; x64) AppleWebKit/537.36 (KHTML, like Gecko) Chrome/80.0.3987.149 Safari/537.36"
0:0:0:0:0:0:0:1 - - [03/apr/2020:20:30:38 +0200] "GET /application/product/getProducts HTTP/1.1" 200 2106 "http://localhost:4200/products" "Mozilla/5.0 (Windows NT 10.0; Win64; x64) AppleWebKit/537.36 (KHTML, like Gecko) Chrome/80.0.3987.149 Safari/537.36"
0:0:0:0:0:0:0:1 - - [03/apr/2020:20:37:05 +0200] "GET /application/product/getProducts HTTP/1.1" 200 2106 "http://localhost:4200/products" "Mozilla/5.0 (Windows NT 10.0; Win64; x64) AppleWebKit/537.36 (KHTML, like Gecko) Chrome/80.0.3987.149 Safari/537.36"
