ERROR [2020-04-12 18:05:32,610] io.dropwizard.jersey.errors.LoggingExceptionMapper: Error handling a request: e08ab8bd1e06dbb7
! java.lang.IllegalArgumentException: argument is null or empty; this is forbidden on this call to `bindList`
! at org.jdbi.v3.core.statement.EmptyHandling$4.accept(EmptyHandling.java:61)
! at org.jdbi.v3.core.statement.EmptyHandling$4.accept(EmptyHandling.java:58)
! at org.jdbi.v3.core.statement.SqlStatement.bindList(SqlStatement.java:1410)
! at org.jdbi.v3.sqlobject.customizer.internal.BindListFactory.lambda$createForParameter$1(BindListFactory.java:41)
! at org.jdbi.v3.sqlobject.statement.internal.CustomizingStatementHandler.lambda$null$6(CustomizingStatementHandler.java:96)
! at org.jdbi.v3.sqlobject.statement.internal.CustomizingStatementHandler.lambda$applyCustomizers$9(CustomizingStatementHandler.java:159)
! at java.util.ArrayList.forEach(ArrayList.java:1257)
! at org.jdbi.v3.sqlobject.statement.internal.CustomizingStatementHandler.applyCustomizers(CustomizingStatementHandler.java:157)
! at org.jdbi.v3.sqlobject.statement.internal.CustomizingStatementHandler.invoke(CustomizingStatementHandler.java:152)
! at org.jdbi.v3.sqlobject.statement.internal.SqlQueryHandler.invoke(SqlQueryHandler.java:26)
! at org.jdbi.v3.sqlobject.internal.SqlObjectInitData$1.lambda$invoke$0(SqlObjectInitData.java:125)
! at org.jdbi.v3.core.internal.Invocations.invokeWith(Invocations.java:44)
! at org.jdbi.v3.core.internal.Invocations.invokeWith(Invocations.java:26)
! at org.jdbi.v3.core.LazyHandleSupplier.lambda$invokeInContext$1(LazyHandleSupplier.java:77)
! at org.jdbi.v3.core.internal.Invocations.invokeWith(Invocations.java:44)
! at org.jdbi.v3.core.internal.Invocations.invokeWith(Invocations.java:26)
! at org.jdbi.v3.core.LazyHandleSupplier.invokeInContext(LazyHandleSupplier.java:76)
! at org.jdbi.v3.sqlobject.internal.SqlObjectInitData$1.call(SqlObjectInitData.java:131)
! at org.jdbi.v3.sqlobject.internal.SqlObjectInitData$1.invoke(SqlObjectInitData.java:125)
! at org.jdbi.v3.sqlobject.SqlObjectFactory.lambda$attach$2(SqlObjectFactory.java:110)
! at org.jdbi.v3.core.internal.OnDemandExtensions.lambda$invoke$5(OnDemandExtensions.java:98)
! at org.jdbi.v3.core.internal.exceptions.Unchecked.lambda$function$4(Unchecked.java:76)
! at org.jdbi.v3.core.internal.OnDemandExtensions.invoke(OnDemandExtensions.java:98)
! at org.jdbi.v3.core.internal.OnDemandExtensions.lambda$null$2(OnDemandExtensions.java:82)
! at org.jdbi.v3.core.Jdbi.callWithExtension(Jdbi.java:475)
! at org.jdbi.v3.core.Jdbi.withExtension(Jdbi.java:462)
! at org.jdbi.v3.core.internal.OnDemandExtensions.lambda$createProxy$3(OnDemandExtensions.java:82)
! at com.sun.proxy.$Proxy48.getAllSelectedProducts(Unknown Source)
! at nl.ipwrcServer.resources.ProductResource.getSelectedProducts(ProductResource.java:42)
! at sun.reflect.GeneratedMethodAccessor20.invoke(Unknown Source)
! at sun.reflect.DelegatingMethodAccessorImpl.invoke(DelegatingMethodAccessorImpl.java:43)
! at java.lang.reflect.Method.invoke(Method.java:498)
! at org.glassfish.jersey.server.model.internal.ResourceMethodInvocationHandlerFactory.lambda$static$0(ResourceMethodInvocationHandlerFactory.java:52)
! at org.glassfish.jersey.server.model.internal.AbstractJavaResourceMethodDispatcher$1.run(AbstractJavaResourceMethodDispatcher.java:124)
! at org.glassfish.jersey.server.model.internal.AbstractJavaResourceMethodDispatcher.invoke(AbstractJavaResourceMethodDispatcher.java:167)
! at org.glassfish.jersey.server.model.internal.JavaResourceMethodDispatcherProvider$TypeOutInvoker.doDispatch(JavaResourceMethodDispatcherProvider.java:219)
! at org.glassfish.jersey.server.model.internal.AbstractJavaResourceMethodDispatcher.dispatch(AbstractJavaResourceMethodDispatcher.java:79)
! at org.glassfish.jersey.server.model.ResourceMethodInvoker.invoke(ResourceMethodInvoker.java:469)
! at org.glassfish.jersey.server.model.ResourceMethodInvoker.apply(ResourceMethodInvoker.java:391)
! at org.glassfish.jersey.server.model.ResourceMethodInvoker.apply(ResourceMethodInvoker.java:80)
! at org.glassfish.jersey.server.ServerRuntime$1.run(ServerRuntime.java:253)
! at org.glassfish.jersey.internal.Errors$1.call(Errors.java:248)
! at org.glassfish.jersey.internal.Errors$1.call(Errors.java:244)
! at org.glassfish.jersey.internal.Errors.process(Errors.java:292)
! at org.glassfish.jersey.internal.Errors.process(Errors.java:274)
! at org.glassfish.jersey.internal.Errors.process(Errors.java:244)
! at org.glassfish.jersey.process.internal.RequestScope.runInScope(RequestScope.java:265)
! at org.glassfish.jersey.server.ServerRuntime.process(ServerRuntime.java:232)
! at org.glassfish.jersey.server.ApplicationHandler.handle(ApplicationHandler.java:680)
! at org.glassfish.jersey.servlet.WebComponent.serviceImpl(WebComponent.java:392)
! at org.glassfish.jersey.servlet.WebComponent.service(WebComponent.java:346)
! at org.glassfish.jersey.servlet.ServletContainer.service(ServletContainer.java:365)
! at org.glassfish.jersey.servlet.ServletContainer.service(ServletContainer.java:318)
! at org.glassfish.jersey.servlet.ServletContainer.service(ServletContainer.java:205)
! at io.dropwizard.jetty.NonblockingServletHolder.handle(NonblockingServletHolder.java:50)
! at org.eclipse.jetty.servlet.ServletHandler$CachedChain.doFilter(ServletHandler.java:1617)
! at io.dropwizard.servlets.ThreadNameFilter.doFilter(ThreadNameFilter.java:35)
! at org.eclipse.jetty.servlet.ServletHandler$CachedChain.doFilter(ServletHandler.java:1604)
! at io.dropwizard.jersey.filter.AllowedMethodsFilter.handle(AllowedMethodsFilter.java:47)
! at io.dropwizard.jersey.filter.AllowedMethodsFilter.doFilter(AllowedMethodsFilter.java:41)
! at org.eclipse.jetty.servlet.ServletHandler$CachedChain.doFilter(ServletHandler.java:1604)
! at org.eclipse.jetty.servlets.CrossOriginFilter.handle(CrossOriginFilter.java:310)
! at org.eclipse.jetty.servlets.CrossOriginFilter.doFilter(CrossOriginFilter.java:264)
! at org.eclipse.jetty.servlet.ServletHandler$CachedChain.doFilter(ServletHandler.java:1604)
! at org.eclipse.jetty.servlet.ServletHandler.doHandle(ServletHandler.java:545)
! at org.eclipse.jetty.server.handler.ScopedHandler.nextHandle(ScopedHandler.java:233)
! at org.eclipse.jetty.server.handler.ContextHandler.doHandle(ContextHandler.java:1297)
! at org.eclipse.jetty.server.handler.ScopedHandler.nextScope(ScopedHandler.java:188)
! at org.eclipse.jetty.servlet.ServletHandler.doScope(ServletHandler.java:485)
! at org.eclipse.jetty.server.handler.ScopedHandler.nextScope(ScopedHandler.java:186)
! at org.eclipse.jetty.server.handler.ContextHandler.doScope(ContextHandler.java:1212)
! at org.eclipse.jetty.server.handler.ScopedHandler.handle(ScopedHandler.java:141)
! at org.eclipse.jetty.server.handler.HandlerWrapper.handle(HandlerWrapper.java:127)
! at com.codahale.metrics.jetty9.InstrumentedHandler.handle(InstrumentedHandler.java:249)
! at io.dropwizard.jetty.ContextRoutingHandler.handle(ContextRoutingHandler.java:37)
! at org.eclipse.jetty.server.handler.gzip.GzipHandler.handle(GzipHandler.java:717)
! at org.eclipse.jetty.server.handler.RequestLogHandler.handle(RequestLogHandler.java:54)
! at org.eclipse.jetty.server.handler.StatisticsHandler.handle(StatisticsHandler.java:173)
! at org.eclipse.jetty.server.handler.HandlerWrapper.handle(HandlerWrapper.java:127)
! at org.eclipse.jetty.server.Server.handle(Server.java:500)
! at org.eclipse.jetty.server.HttpChannel.lambda$handle$1(HttpChannel.java:383)
! at org.eclipse.jetty.server.HttpChannel.dispatch(HttpChannel.java:547)
! at org.eclipse.jetty.server.HttpChannel.handle(HttpChannel.java:375)
! at org.eclipse.jetty.server.HttpConnection.onFillable(HttpConnection.java:270)
! at org.eclipse.jetty.io.AbstractConnection$ReadCallback.succeeded(AbstractConnection.java:311)
! at org.eclipse.jetty.io.FillInterest.fillable(FillInterest.java:103)
! at org.eclipse.jetty.io.ChannelEndPoint$2.run(ChannelEndPoint.java:117)
! at org.eclipse.jetty.util.thread.strategy.EatWhatYouKill.runTask(EatWhatYouKill.java:336)
! at org.eclipse.jetty.util.thread.strategy.EatWhatYouKill.doProduce(EatWhatYouKill.java:313)
! at org.eclipse.jetty.util.thread.strategy.EatWhatYouKill.tryProduce(EatWhatYouKill.java:171)
! at org.eclipse.jetty.util.thread.strategy.EatWhatYouKill.run(EatWhatYouKill.java:129)
! at org.eclipse.jetty.util.thread.ReservedThreadExecutor$ReservedThread.run(ReservedThreadExecutor.java:388)
! at org.eclipse.jetty.util.thread.QueuedThreadPool.runJob(QueuedThreadPool.java:806)
! at org.eclipse.jetty.util.thread.QueuedThreadPool$Runner.run(QueuedThreadPool.java:938)
! at java.lang.Thread.run(Thread.java:748)
INFO  [2020-04-12 18:06:14,361] io.dropwizard.server.SimpleServerFactory: Registering jersey handler with root path prefix: /application
INFO  [2020-04-12 18:06:14,364] io.dropwizard.server.SimpleServerFactory: Registering admin handler with root path prefix: /admin
INFO  [2020-04-12 18:06:15,113] org.apache.commons.jcs.engine.control.CompositeCacheManager: Instance is null, creating with config [/cache.ccf]
INFO  [2020-04-12 18:06:15,125] org.apache.commons.jcs.engine.control.CompositeCacheManager: Creating cache manager from config file: /cache.ccf
INFO  [2020-04-12 18:06:15,132] org.apache.commons.jcs.utils.threadpool.ThreadPoolManager: thread_pool.default PoolConfiguration = useBoundary = [false] boundarySize = [2000] maximumPoolSize = [150] minimumPoolSize = [4] keepAliveTime = [300000] whenBlockedPolicy = [RUN] startUpSize = [4]
INFO  [2020-04-12 18:06:15,133] org.apache.commons.jcs.engine.control.CompositeCacheManager: Setting default auxiliaries to null
INFO  [2020-04-12 18:06:15,145] org.apache.commons.jcs.engine.control.CompositeCacheManager: setting defaultCompositeCacheAttributes to [ useLateral = true, useRemote = true, useDisk = true, maxObjs = 1000, maxSpoolPerRun = -1, diskUsagePattern = SWAP, spoolChunkSize = 2 ]
INFO  [2020-04-12 18:06:15,150] org.apache.commons.jcs.engine.control.CompositeCacheManager: setting defaultElementAttributes to [ IS_LATERAL = true, IS_SPOOL = true, IS_REMOTE = true, IS_ETERNAL = false, MaxLifeSeconds = 16400, IdleTime = 14400, CreateTime = 1586707575145, LastAccessTime = 1586707575145, getTimeToLiveSeconds() = 16399, createTime = 1586707575145 ]
INFO  [2020-04-12 18:06:15,150] org.apache.commons.jcs.engine.control.CompositeCacheConfigurator: Parsed regions []
INFO  [2020-04-12 18:06:15,151] org.apache.commons.jcs.engine.control.CompositeCacheManager: Finished configuration in 19 ms.
INFO  [2020-04-12 18:06:15,151] org.apache.commons.jcs.engine.control.CompositeCacheConfigurator: No special ElementAttribute class defined for key [jcs.region.default.elementattributes], using default class.
INFO  [2020-04-12 18:06:15,184] org.apache.commons.jcs.engine.memory.AbstractDoubleLinkedListMemoryCache: initialized MemoryCache for default
INFO  [2020-04-12 18:06:15,184] org.apache.commons.jcs.engine.control.CompositeCache: Constructed cache with name [default] and cache attributes [ useLateral = true, useRemote = true, useDisk = true, maxObjs = 1000, maxSpoolPerRun = -1, diskUsagePattern = SWAP, spoolChunkSize = 2 ]
INFO  [2020-04-12 18:06:16,076] io.dropwizard.server.SimpleServerFactory: Registering jersey handler with root path prefix: /application
INFO  [2020-04-12 18:06:16,076] io.dropwizard.server.SimpleServerFactory: Registering admin handler with root path prefix: /admin
INFO  [2020-04-12 18:06:16,078] io.dropwizard.server.ServerFactory: Starting WebshopApplication
----------------------------------------------------------------------------------------------------

////////////////////////////////////////////////////////////////////////////////////////////////////
  ___                    _        _____                      _____                           _
 / _ \                  | |      |  __ \                    |  __ \                         | |
/ /_\ \_ __ ___ __ _  __| | ___  | |  \/ __ _ _ __ ___   ___| |  \/_ __ ___  _   _ _ __   __| |___
|  _  | '__/ __/ _` |/ _` |/ _ \ | | __ / _` | '_ ` _ \ / _ \ | __| '__/ _ \| | | | '_ \ / _` / __|
| | | | | | (_| (_| | (_| |  __/ | |_\ \ (_| | | | | | |  __/ |_\ \ | | (_) | |_| | | | | (_| \__ \
\_| |_/_|  \___\__,_|\__,_|\___|  \____/\__,_|_| |_| |_|\___|\____/_|  \___/ \__,_|_| |_|\__,_|___/

\\\\\\\\\\\\\\\\\\\\\\\\\\\\\\\\\\\\\\\\\\\\\\\\\\\\\\\\\\\\\\\\\\\\\\\\\\\\\\\\\\\\\\\\\\\\\\\\\\\\

----------------------------------------------------------------------------------------------------
INFO  [2020-04-12 18:06:16,192] org.eclipse.jetty.setuid.SetUIDListener: Opened WebshopApplication@61c76850{HTTP/1.1,[http/1.1]}{0.0.0.0:8080}
INFO  [2020-04-12 18:06:16,196] org.eclipse.jetty.server.Server: jetty-9.4.24.v20191120; built: 2019-11-20T21:37:49.771Z; git: 363d5f2df3a8a28de40604320230664b9c793c16; jvm 1.8.0_202-b08
INFO  [2020-04-12 18:06:20,943] io.dropwizard.jersey.DropwizardResourceConfig: The following paths were found for the configured resources:

    POST    /account/getCredentials (nl.ipwrcServer.resources.AccountResource)
    POST    /account/getRegisterCredentials (nl.ipwrcServer.resources.AccountResource)
    POST    /cart/sendCart (nl.ipwrcServer.resources.CartResource)
    GET     /product/getProducts (nl.ipwrcServer.resources.ProductResource)
    POST    /product/getSelectedProducts (nl.ipwrcServer.resources.ProductResource)
    GET     /user/{name} (nl.ipwrcServer.resources.UserResource)

INFO  [2020-04-12 18:06:20,946] org.eclipse.jetty.server.handler.ContextHandler: Started i.d.j.MutableServletContextHandler@39e69ea7{/application,null,AVAILABLE}
INFO  [2020-04-12 18:06:20,954] io.dropwizard.setup.AdminEnvironment: tasks = 

    POST    /tasks/log-level (io.dropwizard.servlets.tasks.LogConfigurationTask)
    POST    /tasks/gc (io.dropwizard.servlets.tasks.GarbageCollectionTask)

INFO  [2020-04-12 18:06:20,962] org.eclipse.jetty.server.handler.ContextHandler: Started i.d.j.MutableServletContextHandler@26e412ef{/admin,null,AVAILABLE}
INFO  [2020-04-12 18:06:20,984] org.eclipse.jetty.server.AbstractConnector: Started WebshopApplication@61c76850{HTTP/1.1,[http/1.1]}{0.0.0.0:8080}
INFO  [2020-04-12 18:06:20,984] org.eclipse.jetty.server.Server: Started @9462ms
INFO  [2020-04-12 18:06:24,455] org.eclipse.jetty.util.TypeUtil: JVM Runtime does not support Modules
ERROR [2020-04-12 18:06:24,653] io.dropwizard.jersey.errors.LoggingExceptionMapper: Error handling a request: 16e6a95ea8121729
! java.lang.IllegalArgumentException: argument is null or empty; this is forbidden on this call to `bindList`
! at org.jdbi.v3.core.statement.EmptyHandling$4.accept(EmptyHandling.java:61)
! at org.jdbi.v3.core.statement.EmptyHandling$4.accept(EmptyHandling.java:58)
! at org.jdbi.v3.core.statement.SqlStatement.bindList(SqlStatement.java:1410)
! at org.jdbi.v3.sqlobject.customizer.internal.BindListFactory.lambda$createForParameter$1(BindListFactory.java:41)
! at org.jdbi.v3.sqlobject.statement.internal.CustomizingStatementHandler.lambda$null$6(CustomizingStatementHandler.java:96)
! at org.jdbi.v3.sqlobject.statement.internal.CustomizingStatementHandler.lambda$applyCustomizers$9(CustomizingStatementHandler.java:159)
! at java.util.ArrayList.forEach(ArrayList.java:1257)
! at org.jdbi.v3.sqlobject.statement.internal.CustomizingStatementHandler.applyCustomizers(CustomizingStatementHandler.java:157)
! at org.jdbi.v3.sqlobject.statement.internal.CustomizingStatementHandler.invoke(CustomizingStatementHandler.java:152)
! at org.jdbi.v3.sqlobject.statement.internal.SqlQueryHandler.invoke(SqlQueryHandler.java:26)
! at org.jdbi.v3.sqlobject.internal.SqlObjectInitData$1.lambda$invoke$0(SqlObjectInitData.java:125)
! at org.jdbi.v3.core.internal.Invocations.invokeWith(Invocations.java:44)
! at org.jdbi.v3.core.internal.Invocations.invokeWith(Invocations.java:26)
! at org.jdbi.v3.core.LazyHandleSupplier.lambda$invokeInContext$1(LazyHandleSupplier.java:77)
! at org.jdbi.v3.core.internal.Invocations.invokeWith(Invocations.java:44)
! at org.jdbi.v3.core.internal.Invocations.invokeWith(Invocations.java:26)
! at org.jdbi.v3.core.LazyHandleSupplier.invokeInContext(LazyHandleSupplier.java:76)
! at org.jdbi.v3.sqlobject.internal.SqlObjectInitData$1.call(SqlObjectInitData.java:131)
! at org.jdbi.v3.sqlobject.internal.SqlObjectInitData$1.invoke(SqlObjectInitData.java:125)
! at org.jdbi.v3.sqlobject.SqlObjectFactory.lambda$attach$2(SqlObjectFactory.java:110)
! at org.jdbi.v3.core.internal.OnDemandExtensions.lambda$invoke$5(OnDemandExtensions.java:98)
! at org.jdbi.v3.core.internal.exceptions.Unchecked.lambda$function$4(Unchecked.java:76)
! at org.jdbi.v3.core.internal.OnDemandExtensions.invoke(OnDemandExtensions.java:98)
! at org.jdbi.v3.core.internal.OnDemandExtensions.lambda$null$2(OnDemandExtensions.java:82)
! at org.jdbi.v3.core.Jdbi.callWithExtension(Jdbi.java:475)
! at org.jdbi.v3.core.Jdbi.withExtension(Jdbi.java:462)
! at org.jdbi.v3.core.internal.OnDemandExtensions.lambda$createProxy$3(OnDemandExtensions.java:82)
! at com.sun.proxy.$Proxy48.getAllSelectedProducts(Unknown Source)
! at nl.ipwrcServer.resources.ProductResource.getSelectedProducts(ProductResource.java:37)
! at sun.reflect.NativeMethodAccessorImpl.invoke0(Native Method)
! at sun.reflect.NativeMethodAccessorImpl.invoke(NativeMethodAccessorImpl.java:62)
! at sun.reflect.DelegatingMethodAccessorImpl.invoke(DelegatingMethodAccessorImpl.java:43)
! at java.lang.reflect.Method.invoke(Method.java:498)
! at org.glassfish.jersey.server.model.internal.ResourceMethodInvocationHandlerFactory.lambda$static$0(ResourceMethodInvocationHandlerFactory.java:52)
! at org.glassfish.jersey.server.model.internal.AbstractJavaResourceMethodDispatcher$1.run(AbstractJavaResourceMethodDispatcher.java:124)
! at org.glassfish.jersey.server.model.internal.AbstractJavaResourceMethodDispatcher.invoke(AbstractJavaResourceMethodDispatcher.java:167)
! at org.glassfish.jersey.server.model.internal.JavaResourceMethodDispatcherProvider$TypeOutInvoker.doDispatch(JavaResourceMethodDispatcherProvider.java:219)
! at org.glassfish.jersey.server.model.internal.AbstractJavaResourceMethodDispatcher.dispatch(AbstractJavaResourceMethodDispatcher.java:79)
! at org.glassfish.jersey.server.model.ResourceMethodInvoker.invoke(ResourceMethodInvoker.java:469)
! at org.glassfish.jersey.server.model.ResourceMethodInvoker.apply(ResourceMethodInvoker.java:391)
! at org.glassfish.jersey.server.model.ResourceMethodInvoker.apply(ResourceMethodInvoker.java:80)
! at org.glassfish.jersey.server.ServerRuntime$1.run(ServerRuntime.java:253)
! at org.glassfish.jersey.internal.Errors$1.call(Errors.java:248)
! at org.glassfish.jersey.internal.Errors$1.call(Errors.java:244)
! at org.glassfish.jersey.internal.Errors.process(Errors.java:292)
! at org.glassfish.jersey.internal.Errors.process(Errors.java:274)
! at org.glassfish.jersey.internal.Errors.process(Errors.java:244)
! at org.glassfish.jersey.process.internal.RequestScope.runInScope(RequestScope.java:265)
! at org.glassfish.jersey.server.ServerRuntime.process(ServerRuntime.java:232)
! at org.glassfish.jersey.server.ApplicationHandler.handle(ApplicationHandler.java:680)
! at org.glassfish.jersey.servlet.WebComponent.serviceImpl(WebComponent.java:392)
! at org.glassfish.jersey.servlet.WebComponent.service(WebComponent.java:346)
! at org.glassfish.jersey.servlet.ServletContainer.service(ServletContainer.java:365)
! at org.glassfish.jersey.servlet.ServletContainer.service(ServletContainer.java:318)
! at org.glassfish.jersey.servlet.ServletContainer.service(ServletContainer.java:205)
! at io.dropwizard.jetty.NonblockingServletHolder.handle(NonblockingServletHolder.java:50)
! at org.eclipse.jetty.servlet.ServletHandler$CachedChain.doFilter(ServletHandler.java:1617)
! at io.dropwizard.servlets.ThreadNameFilter.doFilter(ThreadNameFilter.java:35)
! at org.eclipse.jetty.servlet.ServletHandler$CachedChain.doFilter(ServletHandler.java:1604)
! at io.dropwizard.jersey.filter.AllowedMethodsFilter.handle(AllowedMethodsFilter.java:47)
! at io.dropwizard.jersey.filter.AllowedMethodsFilter.doFilter(AllowedMethodsFilter.java:41)
! at org.eclipse.jetty.servlet.ServletHandler$CachedChain.doFilter(ServletHandler.java:1604)
! at org.eclipse.jetty.servlets.CrossOriginFilter.handle(CrossOriginFilter.java:310)
! at org.eclipse.jetty.servlets.CrossOriginFilter.doFilter(CrossOriginFilter.java:264)
! at org.eclipse.jetty.servlet.ServletHandler$CachedChain.doFilter(ServletHandler.java:1604)
! at org.eclipse.jetty.servlet.ServletHandler.doHandle(ServletHandler.java:545)
! at org.eclipse.jetty.server.handler.ScopedHandler.nextHandle(ScopedHandler.java:233)
! at org.eclipse.jetty.server.handler.ContextHandler.doHandle(ContextHandler.java:1297)
! at org.eclipse.jetty.server.handler.ScopedHandler.nextScope(ScopedHandler.java:188)
! at org.eclipse.jetty.servlet.ServletHandler.doScope(ServletHandler.java:485)
! at org.eclipse.jetty.server.handler.ScopedHandler.nextScope(ScopedHandler.java:186)
! at org.eclipse.jetty.server.handler.ContextHandler.doScope(ContextHandler.java:1212)
! at org.eclipse.jetty.server.handler.ScopedHandler.handle(ScopedHandler.java:141)
! at org.eclipse.jetty.server.handler.HandlerWrapper.handle(HandlerWrapper.java:127)
! at com.codahale.metrics.jetty9.InstrumentedHandler.handle(InstrumentedHandler.java:249)
! at io.dropwizard.jetty.ContextRoutingHandler.handle(ContextRoutingHandler.java:37)
! at org.eclipse.jetty.server.handler.gzip.GzipHandler.handle(GzipHandler.java:717)
! at org.eclipse.jetty.server.handler.RequestLogHandler.handle(RequestLogHandler.java:54)
! at org.eclipse.jetty.server.handler.StatisticsHandler.handle(StatisticsHandler.java:173)
! at org.eclipse.jetty.server.handler.HandlerWrapper.handle(HandlerWrapper.java:127)
! at org.eclipse.jetty.server.Server.handle(Server.java:500)
! at org.eclipse.jetty.server.HttpChannel.lambda$handle$1(HttpChannel.java:383)
! at org.eclipse.jetty.server.HttpChannel.dispatch(HttpChannel.java:547)
! at org.eclipse.jetty.server.HttpChannel.handle(HttpChannel.java:375)
! at org.eclipse.jetty.server.HttpConnection.onFillable(HttpConnection.java:270)
! at org.eclipse.jetty.io.AbstractConnection$ReadCallback.succeeded(AbstractConnection.java:311)
! at org.eclipse.jetty.io.FillInterest.fillable(FillInterest.java:103)
! at org.eclipse.jetty.io.ChannelEndPoint$2.run(ChannelEndPoint.java:117)
! at org.eclipse.jetty.util.thread.QueuedThreadPool.runJob(QueuedThreadPool.java:806)
! at org.eclipse.jetty.util.thread.QueuedThreadPool$Runner.run(QueuedThreadPool.java:938)
! at java.lang.Thread.run(Thread.java:748)
INFO  [2020-04-12 18:09:32,472] io.dropwizard.server.SimpleServerFactory: Registering jersey handler with root path prefix: /application
INFO  [2020-04-12 18:09:32,478] io.dropwizard.server.SimpleServerFactory: Registering admin handler with root path prefix: /admin
INFO  [2020-04-12 18:09:32,875] org.apache.commons.jcs.engine.control.CompositeCacheManager: Instance is null, creating with config [/cache.ccf]
INFO  [2020-04-12 18:09:32,887] org.apache.commons.jcs.engine.control.CompositeCacheManager: Creating cache manager from config file: /cache.ccf
INFO  [2020-04-12 18:09:32,893] org.apache.commons.jcs.utils.threadpool.ThreadPoolManager: thread_pool.default PoolConfiguration = useBoundary = [false] boundarySize = [2000] maximumPoolSize = [150] minimumPoolSize = [4] keepAliveTime = [300000] whenBlockedPolicy = [RUN] startUpSize = [4]
INFO  [2020-04-12 18:09:32,893] org.apache.commons.jcs.engine.control.CompositeCacheManager: Setting default auxiliaries to null
INFO  [2020-04-12 18:09:32,905] org.apache.commons.jcs.engine.control.CompositeCacheManager: setting defaultCompositeCacheAttributes to [ useLateral = true, useRemote = true, useDisk = true, maxObjs = 1000, maxSpoolPerRun = -1, diskUsagePattern = SWAP, spoolChunkSize = 2 ]
INFO  [2020-04-12 18:09:32,908] org.apache.commons.jcs.engine.control.CompositeCacheManager: setting defaultElementAttributes to [ IS_LATERAL = true, IS_SPOOL = true, IS_REMOTE = true, IS_ETERNAL = false, MaxLifeSeconds = 16400, IdleTime = 14400, CreateTime = 1586707772905, LastAccessTime = 1586707772905, getTimeToLiveSeconds() = 16399, createTime = 1586707772905 ]
INFO  [2020-04-12 18:09:32,908] org.apache.commons.jcs.engine.control.CompositeCacheConfigurator: Parsed regions []
INFO  [2020-04-12 18:09:32,908] org.apache.commons.jcs.engine.control.CompositeCacheManager: Finished configuration in 15 ms.
INFO  [2020-04-12 18:09:32,908] org.apache.commons.jcs.engine.control.CompositeCacheConfigurator: No special ElementAttribute class defined for key [jcs.region.default.elementattributes], using default class.
INFO  [2020-04-12 18:09:32,930] org.apache.commons.jcs.engine.memory.AbstractDoubleLinkedListMemoryCache: initialized MemoryCache for default
INFO  [2020-04-12 18:09:32,930] org.apache.commons.jcs.engine.control.CompositeCache: Constructed cache with name [default] and cache attributes [ useLateral = true, useRemote = true, useDisk = true, maxObjs = 1000, maxSpoolPerRun = -1, diskUsagePattern = SWAP, spoolChunkSize = 2 ]
INFO  [2020-04-12 18:09:33,863] io.dropwizard.server.SimpleServerFactory: Registering jersey handler with root path prefix: /application
INFO  [2020-04-12 18:09:33,863] io.dropwizard.server.SimpleServerFactory: Registering admin handler with root path prefix: /admin
INFO  [2020-04-12 18:09:33,866] io.dropwizard.server.ServerFactory: Starting WebshopApplication
----------------------------------------------------------------------------------------------------

////////////////////////////////////////////////////////////////////////////////////////////////////
  ___                    _        _____                      _____                           _
 / _ \                  | |      |  __ \                    |  __ \                         | |
/ /_\ \_ __ ___ __ _  __| | ___  | |  \/ __ _ _ __ ___   ___| |  \/_ __ ___  _   _ _ __   __| |___
|  _  | '__/ __/ _` |/ _` |/ _ \ | | __ / _` | '_ ` _ \ / _ \ | __| '__/ _ \| | | | '_ \ / _` / __|
| | | | | | (_| (_| | (_| |  __/ | |_\ \ (_| | | | | | |  __/ |_\ \ | | (_) | |_| | | | | (_| \__ \
\_| |_/_|  \___\__,_|\__,_|\___|  \____/\__,_|_| |_| |_|\___|\____/_|  \___/ \__,_|_| |_|\__,_|___/

\\\\\\\\\\\\\\\\\\\\\\\\\\\\\\\\\\\\\\\\\\\\\\\\\\\\\\\\\\\\\\\\\\\\\\\\\\\\\\\\\\\\\\\\\\\\\\\\\\\\

----------------------------------------------------------------------------------------------------
INFO  [2020-04-12 18:09:34,020] org.eclipse.jetty.setuid.SetUIDListener: Opened WebshopApplication@61c76850{HTTP/1.1,[http/1.1]}{0.0.0.0:8080}
INFO  [2020-04-12 18:09:34,023] org.eclipse.jetty.server.Server: jetty-9.4.24.v20191120; built: 2019-11-20T21:37:49.771Z; git: 363d5f2df3a8a28de40604320230664b9c793c16; jvm 1.8.0_202-b08
INFO  [2020-04-12 18:09:38,420] io.dropwizard.jersey.DropwizardResourceConfig: The following paths were found for the configured resources:

    POST    /account/getCredentials (nl.ipwrcServer.resources.AccountResource)
    POST    /account/getRegisterCredentials (nl.ipwrcServer.resources.AccountResource)
    POST    /cart/sendCart (nl.ipwrcServer.resources.CartResource)
    GET     /product/getProducts (nl.ipwrcServer.resources.ProductResource)
    POST    /product/getSelectedProducts (nl.ipwrcServer.resources.ProductResource)
    GET     /user/{name} (nl.ipwrcServer.resources.UserResource)

INFO  [2020-04-12 18:09:38,423] org.eclipse.jetty.server.handler.ContextHandler: Started i.d.j.MutableServletContextHandler@6015a4a5{/application,null,AVAILABLE}
INFO  [2020-04-12 18:09:38,430] io.dropwizard.setup.AdminEnvironment: tasks = 

    POST    /tasks/log-level (io.dropwizard.servlets.tasks.LogConfigurationTask)
    POST    /tasks/gc (io.dropwizard.servlets.tasks.GarbageCollectionTask)

INFO  [2020-04-12 18:09:38,433] org.eclipse.jetty.server.handler.ContextHandler: Started i.d.j.MutableServletContextHandler@26e412ef{/admin,null,AVAILABLE}
INFO  [2020-04-12 18:09:38,470] org.eclipse.jetty.server.AbstractConnector: Started WebshopApplication@61c76850{HTTP/1.1,[http/1.1]}{0.0.0.0:8080}
INFO  [2020-04-12 18:09:38,470] org.eclipse.jetty.server.Server: Started @8973ms
INFO  [2020-04-12 18:09:46,272] org.eclipse.jetty.util.TypeUtil: JVM Runtime does not support Modules
INFO  [2020-04-12 18:42:17,084] io.dropwizard.server.SimpleServerFactory: Registering jersey handler with root path prefix: /application
INFO  [2020-04-12 18:42:17,088] io.dropwizard.server.SimpleServerFactory: Registering admin handler with root path prefix: /admin
INFO  [2020-04-12 18:42:17,390] org.apache.commons.jcs.engine.control.CompositeCacheManager: Instance is null, creating with config [/cache.ccf]
INFO  [2020-04-12 18:42:17,398] org.apache.commons.jcs.engine.control.CompositeCacheManager: Creating cache manager from config file: /cache.ccf
INFO  [2020-04-12 18:42:17,398] org.apache.commons.jcs.utils.threadpool.ThreadPoolManager: thread_pool.default PoolConfiguration = useBoundary = [false] boundarySize = [2000] maximumPoolSize = [150] minimumPoolSize = [4] keepAliveTime = [300000] whenBlockedPolicy = [RUN] startUpSize = [4]
INFO  [2020-04-12 18:42:17,398] org.apache.commons.jcs.engine.control.CompositeCacheManager: Setting default auxiliaries to null
INFO  [2020-04-12 18:42:17,410] org.apache.commons.jcs.engine.control.CompositeCacheManager: setting defaultCompositeCacheAttributes to [ useLateral = true, useRemote = true, useDisk = true, maxObjs = 1000, maxSpoolPerRun = -1, diskUsagePattern = SWAP, spoolChunkSize = 2 ]
INFO  [2020-04-12 18:42:17,418] org.apache.commons.jcs.engine.control.CompositeCacheManager: setting defaultElementAttributes to [ IS_LATERAL = true, IS_SPOOL = true, IS_REMOTE = true, IS_ETERNAL = false, MaxLifeSeconds = 16400, IdleTime = 14400, CreateTime = 1586709737410, LastAccessTime = 1586709737410, getTimeToLiveSeconds() = 16399, createTime = 1586709737410 ]
INFO  [2020-04-12 18:42:17,418] org.apache.commons.jcs.engine.control.CompositeCacheConfigurator: Parsed regions []
INFO  [2020-04-12 18:42:17,418] org.apache.commons.jcs.engine.control.CompositeCacheManager: Finished configuration in 20 ms.
INFO  [2020-04-12 18:42:17,418] org.apache.commons.jcs.engine.control.CompositeCacheConfigurator: No special ElementAttribute class defined for key [jcs.region.default.elementattributes], using default class.
INFO  [2020-04-12 18:42:17,420] org.apache.commons.jcs.engine.memory.AbstractDoubleLinkedListMemoryCache: initialized MemoryCache for default
INFO  [2020-04-12 18:42:17,420] org.apache.commons.jcs.engine.control.CompositeCache: Constructed cache with name [default] and cache attributes [ useLateral = true, useRemote = true, useDisk = true, maxObjs = 1000, maxSpoolPerRun = -1, diskUsagePattern = SWAP, spoolChunkSize = 2 ]
INFO  [2020-04-12 18:42:17,865] io.dropwizard.server.SimpleServerFactory: Registering jersey handler with root path prefix: /application
INFO  [2020-04-12 18:42:17,865] io.dropwizard.server.SimpleServerFactory: Registering admin handler with root path prefix: /admin
INFO  [2020-04-12 18:42:17,866] io.dropwizard.server.ServerFactory: Starting WebshopApplication
----------------------------------------------------------------------------------------------------

////////////////////////////////////////////////////////////////////////////////////////////////////
  ___                    _        _____                      _____                           _
 / _ \                  | |      |  __ \                    |  __ \                         | |
/ /_\ \_ __ ___ __ _  __| | ___  | |  \/ __ _ _ __ ___   ___| |  \/_ __ ___  _   _ _ __   __| |___
|  _  | '__/ __/ _` |/ _` |/ _ \ | | __ / _` | '_ ` _ \ / _ \ | __| '__/ _ \| | | | '_ \ / _` / __|
| | | | | | (_| (_| | (_| |  __/ | |_\ \ (_| | | | | | |  __/ |_\ \ | | (_) | |_| | | | | (_| \__ \
\_| |_/_|  \___\__,_|\__,_|\___|  \____/\__,_|_| |_| |_|\___|\____/_|  \___/ \__,_|_| |_|\__,_|___/

\\\\\\\\\\\\\\\\\\\\\\\\\\\\\\\\\\\\\\\\\\\\\\\\\\\\\\\\\\\\\\\\\\\\\\\\\\\\\\\\\\\\\\\\\\\\\\\\\\\\

----------------------------------------------------------------------------------------------------
INFO  [2020-04-12 18:42:17,931] org.eclipse.jetty.setuid.SetUIDListener: Opened WebshopApplication@61c76850{HTTP/1.1,[http/1.1]}{0.0.0.0:8080}
INFO  [2020-04-12 18:42:17,933] org.eclipse.jetty.server.Server: jetty-9.4.24.v20191120; built: 2019-11-20T21:37:49.771Z; git: 363d5f2df3a8a28de40604320230664b9c793c16; jvm 1.8.0_202-b08
INFO  [2020-04-12 18:42:21,761] io.dropwizard.jersey.DropwizardResourceConfig: The following paths were found for the configured resources:

    POST    /account/getCredentials (nl.ipwrcServer.resources.AccountResource)
    POST    /account/getRegisterCredentials (nl.ipwrcServer.resources.AccountResource)
    POST    /cart/sendCart (nl.ipwrcServer.resources.CartResource)
    GET     /product/getProducts (nl.ipwrcServer.resources.ProductResource)
    POST    /product/getSelectedProducts (nl.ipwrcServer.resources.ProductResource)
    GET     /user/getUsers (nl.ipwrcServer.resources.UserResource)

INFO  [2020-04-12 18:42:21,761] org.eclipse.jetty.server.handler.ContextHandler: Started i.d.j.MutableServletContextHandler@1a0d96a5{/application,null,AVAILABLE}
INFO  [2020-04-12 18:42:21,761] io.dropwizard.setup.AdminEnvironment: tasks = 

    POST    /tasks/log-level (io.dropwizard.servlets.tasks.LogConfigurationTask)
    POST    /tasks/gc (io.dropwizard.servlets.tasks.GarbageCollectionTask)

INFO  [2020-04-12 18:42:21,761] org.eclipse.jetty.server.handler.ContextHandler: Started i.d.j.MutableServletContextHandler@26e412ef{/admin,null,AVAILABLE}
INFO  [2020-04-12 18:42:21,777] org.eclipse.jetty.server.AbstractConnector: Started WebshopApplication@61c76850{HTTP/1.1,[http/1.1]}{0.0.0.0:8080}
INFO  [2020-04-12 18:42:21,777] org.eclipse.jetty.server.Server: Started @7770ms
INFO  [2020-04-12 18:42:29,539] org.eclipse.jetty.util.TypeUtil: JVM Runtime does not support Modules
ERROR [2020-04-12 20:28:06,310] io.dropwizard.jersey.errors.LoggingExceptionMapper: Error handling a request: 8d6f41cbd1bfc852
! java.net.SocketException: Connection reset
! at java.net.SocketInputStream.read(SocketInputStream.java:210)
! at java.net.SocketInputStream.read(SocketInputStream.java:141)
! at com.mysql.jdbc.util.ReadAheadInputStream.fill(ReadAheadInputStream.java:100)
! at com.mysql.jdbc.util.ReadAheadInputStream.readFromUnderlyingStreamIfNecessary(ReadAheadInputStream.java:143)
! at com.mysql.jdbc.util.ReadAheadInputStream.read(ReadAheadInputStream.java:173)
! at com.mysql.jdbc.MysqlIO.readFully(MysqlIO.java:2923)
! at com.mysql.jdbc.MysqlIO.reuseAndReadPacket(MysqlIO.java:3344)
! ... 109 common frames omitted
! Causing: com.mysql.jdbc.exceptions.jdbc4.CommunicationsException: Communications link failure
! 
! The last packet successfully received from the server was 6.073.245 milliseconds ago.  The last packet sent successfully to the server was 22 milliseconds ago.
! at sun.reflect.NativeConstructorAccessorImpl.newInstance0(Native Method)
! at sun.reflect.NativeConstructorAccessorImpl.newInstance(NativeConstructorAccessorImpl.java:62)
! at sun.reflect.DelegatingConstructorAccessorImpl.newInstance(DelegatingConstructorAccessorImpl.java:45)
! at java.lang.reflect.Constructor.newInstance(Constructor.java:423)
! at com.mysql.jdbc.Util.handleNewInstance(Util.java:400)
! at com.mysql.jdbc.SQLError.createCommunicationsException(SQLError.java:1038)
! at com.mysql.jdbc.MysqlIO.reuseAndReadPacket(MysqlIO.java:3434)
! at com.mysql.jdbc.MysqlIO.reuseAndReadPacket(MysqlIO.java:3334)
! at com.mysql.jdbc.MysqlIO.checkErrorPacket(MysqlIO.java:3774)
! at com.mysql.jdbc.MysqlIO.sendCommand(MysqlIO.java:2447)
! at com.mysql.jdbc.MysqlIO.sqlQueryDirect(MysqlIO.java:2594)
! at com.mysql.jdbc.ConnectionImpl.execSQL(ConnectionImpl.java:2545)
! at com.mysql.jdbc.PreparedStatement.executeInternal(PreparedStatement.java:1901)
! at com.mysql.jdbc.PreparedStatement.execute(PreparedStatement.java:1193)
! at sun.reflect.NativeMethodAccessorImpl.invoke0(Native Method)
! at sun.reflect.NativeMethodAccessorImpl.invoke(NativeMethodAccessorImpl.java:62)
! at sun.reflect.DelegatingMethodAccessorImpl.invoke(DelegatingMethodAccessorImpl.java:43)
! at java.lang.reflect.Method.invoke(Method.java:498)
! at org.apache.tomcat.jdbc.pool.StatementFacade$StatementProxy.invoke(StatementFacade.java:114)
! at com.sun.proxy.$Proxy74.execute(Unknown Source)
! at org.jdbi.v3.core.statement.SqlLoggerUtil.wrap(SqlLoggerUtil.java:31)
! at org.jdbi.v3.core.statement.SqlStatement.internalExecute(SqlStatement.java:1666)
! ... 94 common frames omitted
! Causing: org.jdbi.v3.core.statement.UnableToExecuteStatementException: com.mysql.jdbc.exceptions.jdbc4.CommunicationsException: Communications link failure
! 
! The last packet successfully received from the server was 6.073.245 milliseconds ago.  The last packet sent successfully to the server was 22 milliseconds ago. [statement:"/* UserDAO.getUsers */ SELECT * FROM `User`", arguments:{positional:{}, named:{}, finder:[]}]
! at org.jdbi.v3.core.statement.SqlStatement.internalExecute(SqlStatement.java:1674)
! at org.jdbi.v3.core.result.ResultProducers.lambda$getResultSet$2(ResultProducers.java:67)
! at org.jdbi.v3.core.result.ResultIterable.lambda$of$0(ResultIterable.java:54)
! at org.jdbi.v3.core.result.ResultIterable.stream(ResultIterable.java:228)
! at org.jdbi.v3.core.result.ResultIterable.collect(ResultIterable.java:284)
! at org.jdbi.v3.sqlobject.statement.internal.ResultReturner$CollectedResultReturner.mappedResult(ResultReturner.java:267)
! at org.jdbi.v3.sqlobject.statement.internal.SqlQueryHandler.lambda$configureReturner$0(SqlQueryHandler.java:54)
! at org.jdbi.v3.sqlobject.statement.internal.CustomizingStatementHandler.invoke(CustomizingStatementHandler.java:153)
! at org.jdbi.v3.sqlobject.statement.internal.SqlQueryHandler.invoke(SqlQueryHandler.java:26)
! at org.jdbi.v3.sqlobject.internal.SqlObjectInitData$1.lambda$invoke$0(SqlObjectInitData.java:125)
! at org.jdbi.v3.core.internal.Invocations.invokeWith(Invocations.java:44)
! at org.jdbi.v3.core.internal.Invocations.invokeWith(Invocations.java:26)
! at org.jdbi.v3.core.LazyHandleSupplier.lambda$invokeInContext$1(LazyHandleSupplier.java:77)
! at org.jdbi.v3.core.internal.Invocations.invokeWith(Invocations.java:44)
! at org.jdbi.v3.core.internal.Invocations.invokeWith(Invocations.java:26)
! at org.jdbi.v3.core.LazyHandleSupplier.invokeInContext(LazyHandleSupplier.java:76)
! at org.jdbi.v3.sqlobject.internal.SqlObjectInitData$1.call(SqlObjectInitData.java:131)
! at org.jdbi.v3.sqlobject.internal.SqlObjectInitData$1.invoke(SqlObjectInitData.java:125)
! at org.jdbi.v3.sqlobject.SqlObjectFactory.lambda$attach$2(SqlObjectFactory.java:110)
! at org.jdbi.v3.core.internal.OnDemandExtensions.lambda$invoke$5(OnDemandExtensions.java:98)
! at org.jdbi.v3.core.internal.exceptions.Unchecked.lambda$function$4(Unchecked.java:76)
! at org.jdbi.v3.core.internal.OnDemandExtensions.invoke(OnDemandExtensions.java:98)
! at org.jdbi.v3.core.internal.OnDemandExtensions.lambda$null$2(OnDemandExtensions.java:82)
! at org.jdbi.v3.core.Jdbi.callWithExtension(Jdbi.java:475)
! at org.jdbi.v3.core.Jdbi.withExtension(Jdbi.java:462)
! at org.jdbi.v3.core.internal.OnDemandExtensions.lambda$createProxy$3(OnDemandExtensions.java:82)
! at com.sun.proxy.$Proxy46.getUsers(Unknown Source)
! at nl.ipwrcServer.resources.UserResource.getUsers(UserResource.java:27)
! at sun.reflect.NativeMethodAccessorImpl.invoke0(Native Method)
! at sun.reflect.NativeMethodAccessorImpl.invoke(NativeMethodAccessorImpl.java:62)
! at sun.reflect.DelegatingMethodAccessorImpl.invoke(DelegatingMethodAccessorImpl.java:43)
! at java.lang.reflect.Method.invoke(Method.java:498)
! at org.glassfish.jersey.server.model.internal.ResourceMethodInvocationHandlerFactory.lambda$static$0(ResourceMethodInvocationHandlerFactory.java:52)
! at org.glassfish.jersey.server.model.internal.AbstractJavaResourceMethodDispatcher$1.run(AbstractJavaResourceMethodDispatcher.java:124)
! at org.glassfish.jersey.server.model.internal.AbstractJavaResourceMethodDispatcher.invoke(AbstractJavaResourceMethodDispatcher.java:167)
! at org.glassfish.jersey.server.model.internal.JavaResourceMethodDispatcherProvider$TypeOutInvoker.doDispatch(JavaResourceMethodDispatcherProvider.java:219)
! at org.glassfish.jersey.server.model.internal.AbstractJavaResourceMethodDispatcher.dispatch(AbstractJavaResourceMethodDispatcher.java:79)
! at org.glassfish.jersey.server.model.ResourceMethodInvoker.invoke(ResourceMethodInvoker.java:469)
! at org.glassfish.jersey.server.model.ResourceMethodInvoker.apply(ResourceMethodInvoker.java:391)
! at org.glassfish.jersey.server.model.ResourceMethodInvoker.apply(ResourceMethodInvoker.java:80)
! at org.glassfish.jersey.server.ServerRuntime$1.run(ServerRuntime.java:253)
! at org.glassfish.jersey.internal.Errors$1.call(Errors.java:248)
! at org.glassfish.jersey.internal.Errors$1.call(Errors.java:244)
! at org.glassfish.jersey.internal.Errors.process(Errors.java:292)
! at org.glassfish.jersey.internal.Errors.process(Errors.java:274)
! at org.glassfish.jersey.internal.Errors.process(Errors.java:244)
! at org.glassfish.jersey.process.internal.RequestScope.runInScope(RequestScope.java:265)
! at org.glassfish.jersey.server.ServerRuntime.process(ServerRuntime.java:232)
! at org.glassfish.jersey.server.ApplicationHandler.handle(ApplicationHandler.java:680)
! at org.glassfish.jersey.servlet.WebComponent.serviceImpl(WebComponent.java:392)
! at org.glassfish.jersey.servlet.WebComponent.service(WebComponent.java:346)
! at org.glassfish.jersey.servlet.ServletContainer.service(ServletContainer.java:365)
! at org.glassfish.jersey.servlet.ServletContainer.service(ServletContainer.java:318)
! at org.glassfish.jersey.servlet.ServletContainer.service(ServletContainer.java:205)
! at io.dropwizard.jetty.NonblockingServletHolder.handle(NonblockingServletHolder.java:50)
! at org.eclipse.jetty.servlet.ServletHandler$CachedChain.doFilter(ServletHandler.java:1617)
! at io.dropwizard.servlets.ThreadNameFilter.doFilter(ThreadNameFilter.java:35)
! at org.eclipse.jetty.servlet.ServletHandler$CachedChain.doFilter(ServletHandler.java:1604)
! at io.dropwizard.jersey.filter.AllowedMethodsFilter.handle(AllowedMethodsFilter.java:47)
! at io.dropwizard.jersey.filter.AllowedMethodsFilter.doFilter(AllowedMethodsFilter.java:41)
! at org.eclipse.jetty.servlet.ServletHandler$CachedChain.doFilter(ServletHandler.java:1604)
! at org.eclipse.jetty.servlets.CrossOriginFilter.handle(CrossOriginFilter.java:310)
! at org.eclipse.jetty.servlets.CrossOriginFilter.doFilter(CrossOriginFilter.java:264)
! at org.eclipse.jetty.servlet.ServletHandler$CachedChain.doFilter(ServletHandler.java:1604)
! at org.eclipse.jetty.servlet.ServletHandler.doHandle(ServletHandler.java:545)
! at org.eclipse.jetty.server.handler.ScopedHandler.nextHandle(ScopedHandler.java:233)
! at org.eclipse.jetty.server.handler.ContextHandler.doHandle(ContextHandler.java:1297)
! at org.eclipse.jetty.server.handler.ScopedHandler.nextScope(ScopedHandler.java:188)
! at org.eclipse.jetty.servlet.ServletHandler.doScope(ServletHandler.java:485)
! at org.eclipse.jetty.server.handler.ScopedHandler.nextScope(ScopedHandler.java:186)
! at org.eclipse.jetty.server.handler.ContextHandler.doScope(ContextHandler.java:1212)
! at org.eclipse.jetty.server.handler.ScopedHandler.handle(ScopedHandler.java:141)
! at org.eclipse.jetty.server.handler.HandlerWrapper.handle(HandlerWrapper.java:127)
! at com.codahale.metrics.jetty9.InstrumentedHandler.handle(InstrumentedHandler.java:249)
! at io.dropwizard.jetty.ContextRoutingHandler.handle(ContextRoutingHandler.java:37)
! at org.eclipse.jetty.server.handler.gzip.GzipHandler.handle(GzipHandler.java:767)
! at org.eclipse.jetty.server.handler.RequestLogHandler.handle(RequestLogHandler.java:54)
! at org.eclipse.jetty.server.handler.StatisticsHandler.handle(StatisticsHandler.java:173)
! at org.eclipse.jetty.server.handler.HandlerWrapper.handle(HandlerWrapper.java:127)
! at org.eclipse.jetty.server.Server.handle(Server.java:500)
! at org.eclipse.jetty.server.HttpChannel.lambda$handle$1(HttpChannel.java:383)
! at org.eclipse.jetty.server.HttpChannel.dispatch(HttpChannel.java:547)
! at org.eclipse.jetty.server.HttpChannel.handle(HttpChannel.java:375)
! at org.eclipse.jetty.server.HttpConnection.onFillable(HttpConnection.java:270)
! at org.eclipse.jetty.io.AbstractConnection$ReadCallback.succeeded(AbstractConnection.java:311)
! at org.eclipse.jetty.io.FillInterest.fillable(FillInterest.java:103)
! at org.eclipse.jetty.io.ChannelEndPoint$2.run(ChannelEndPoint.java:117)
! at org.eclipse.jetty.util.thread.strategy.EatWhatYouKill.runTask(EatWhatYouKill.java:336)
! at org.eclipse.jetty.util.thread.strategy.EatWhatYouKill.doProduce(EatWhatYouKill.java:313)
! at org.eclipse.jetty.util.thread.strategy.EatWhatYouKill.tryProduce(EatWhatYouKill.java:171)
! at org.eclipse.jetty.util.thread.strategy.EatWhatYouKill.run(EatWhatYouKill.java:129)
! at org.eclipse.jetty.util.thread.ReservedThreadExecutor$ReservedThread.run(ReservedThreadExecutor.java:388)
! at org.eclipse.jetty.util.thread.QueuedThreadPool.runJob(QueuedThreadPool.java:806)
! at org.eclipse.jetty.util.thread.QueuedThreadPool$Runner.run(QueuedThreadPool.java:938)
! at java.lang.Thread.run(Thread.java:748)
ERROR [2020-04-12 20:28:17,748] io.dropwizard.jersey.errors.LoggingExceptionMapper: Error handling a request: 8762838771101155
! java.net.SocketException: Connection reset
! at java.net.SocketInputStream.read(SocketInputStream.java:210)
! at java.net.SocketInputStream.read(SocketInputStream.java:141)
! at com.mysql.jdbc.util.ReadAheadInputStream.fill(ReadAheadInputStream.java:100)
! at com.mysql.jdbc.util.ReadAheadInputStream.readFromUnderlyingStreamIfNecessary(ReadAheadInputStream.java:143)
! at com.mysql.jdbc.util.ReadAheadInputStream.read(ReadAheadInputStream.java:173)
! at com.mysql.jdbc.MysqlIO.readFully(MysqlIO.java:2923)
! at com.mysql.jdbc.MysqlIO.reuseAndReadPacket(MysqlIO.java:3344)
! ... 109 common frames omitted
! Causing: com.mysql.jdbc.exceptions.jdbc4.CommunicationsException: Communications link failure
! 
! The last packet successfully received from the server was 6.073.245 milliseconds ago.  The last packet sent successfully to the server was 22 milliseconds ago.
! at sun.reflect.NativeConstructorAccessorImpl.newInstance0(Native Method)
! at sun.reflect.NativeConstructorAccessorImpl.newInstance(NativeConstructorAccessorImpl.java:62)
! at sun.reflect.DelegatingConstructorAccessorImpl.newInstance(DelegatingConstructorAccessorImpl.java:45)
! at java.lang.reflect.Constructor.newInstance(Constructor.java:423)
! at com.mysql.jdbc.Util.handleNewInstance(Util.java:400)
! at com.mysql.jdbc.SQLError.createCommunicationsException(SQLError.java:1038)
! at com.mysql.jdbc.MysqlIO.reuseAndReadPacket(MysqlIO.java:3434)
! at com.mysql.jdbc.MysqlIO.reuseAndReadPacket(MysqlIO.java:3334)
! at com.mysql.jdbc.MysqlIO.checkErrorPacket(MysqlIO.java:3774)
! at com.mysql.jdbc.MysqlIO.sendCommand(MysqlIO.java:2447)
! at com.mysql.jdbc.MysqlIO.sqlQueryDirect(MysqlIO.java:2594)
! at com.mysql.jdbc.ConnectionImpl.execSQL(ConnectionImpl.java:2545)
! at com.mysql.jdbc.PreparedStatement.executeInternal(PreparedStatement.java:1901)
! at com.mysql.jdbc.PreparedStatement.execute(PreparedStatement.java:1193)
! at sun.reflect.NativeMethodAccessorImpl.invoke0(Native Method)
! at sun.reflect.NativeMethodAccessorImpl.invoke(NativeMethodAccessorImpl.java:62)
! at sun.reflect.DelegatingMethodAccessorImpl.invoke(DelegatingMethodAccessorImpl.java:43)
! at java.lang.reflect.Method.invoke(Method.java:498)
! at org.apache.tomcat.jdbc.pool.StatementFacade$StatementProxy.invoke(StatementFacade.java:114)
! at com.sun.proxy.$Proxy74.execute(Unknown Source)
! at org.jdbi.v3.core.statement.SqlLoggerUtil.wrap(SqlLoggerUtil.java:31)
! at org.jdbi.v3.core.statement.SqlStatement.internalExecute(SqlStatement.java:1666)
! ... 94 common frames omitted
! Causing: com.mysql.jdbc.exceptions.jdbc4.MySQLNonTransientConnectionException: No operations allowed after connection closed.
! at sun.reflect.NativeConstructorAccessorImpl.newInstance0(Native Method)
! at sun.reflect.NativeConstructorAccessorImpl.newInstance(NativeConstructorAccessorImpl.java:62)
! at sun.reflect.DelegatingConstructorAccessorImpl.newInstance(DelegatingConstructorAccessorImpl.java:45)
! at java.lang.reflect.Constructor.newInstance(Constructor.java:423)
! at com.mysql.jdbc.Util.handleNewInstance(Util.java:400)
! at com.mysql.jdbc.Util.getInstance(Util.java:383)
! at com.mysql.jdbc.SQLError.createSQLException(SQLError.java:958)
! at com.mysql.jdbc.SQLError.createSQLException(SQLError.java:937)
! at com.mysql.jdbc.SQLError.createSQLException(SQLError.java:926)
! at com.mysql.jdbc.SQLError.createSQLException(SQLError.java:872)
! at com.mysql.jdbc.ConnectionImpl.throwConnectionClosedException(ConnectionImpl.java:1236)
! at com.mysql.jdbc.ConnectionImpl.checkClosed(ConnectionImpl.java:1231)
! at com.mysql.jdbc.ConnectionImpl.prepareStatement(ConnectionImpl.java:4140)
! at sun.reflect.NativeMethodAccessorImpl.invoke0(Native Method)
! at sun.reflect.NativeMethodAccessorImpl.invoke(NativeMethodAccessorImpl.java:62)
! at sun.reflect.DelegatingMethodAccessorImpl.invoke(DelegatingMethodAccessorImpl.java:43)
! at java.lang.reflect.Method.invoke(Method.java:498)
! at org.apache.tomcat.jdbc.pool.ProxyConnection.invoke(ProxyConnection.java:126)
! at org.apache.tomcat.jdbc.pool.JdbcInterceptor.invoke(JdbcInterceptor.java:108)
! at org.apache.tomcat.jdbc.pool.interceptor.AbstractCreateStatementInterceptor.invoke(AbstractCreateStatementInterceptor.java:75)
! at org.apache.tomcat.jdbc.pool.JdbcInterceptor.invoke(JdbcInterceptor.java:108)
! at org.apache.tomcat.jdbc.pool.DisposableConnectionFacade.invoke(DisposableConnectionFacade.java:81)
! at com.sun.proxy.$Proxy73.prepareStatement(Unknown Source)
! at org.jdbi.v3.core.statement.DefaultStatementBuilder.create(DefaultStatementBuilder.java:57)
! at org.jdbi.v3.core.statement.SqlStatement.createStatement(SqlStatement.java:1683)
! at org.jdbi.v3.core.statement.SqlStatement.internalExecute(SqlStatement.java:1648)
! ... 94 common frames omitted
! Causing: org.jdbi.v3.core.statement.UnableToCreateStatementException: com.mysql.jdbc.exceptions.jdbc4.MySQLNonTransientConnectionException: No operations allowed after connection closed. [statement:"/* UserDAO.getUsers */ SELECT * FROM `User`", arguments:{positional:{}, named:{}, finder:[]}]
! at org.jdbi.v3.core.statement.SqlStatement.internalExecute(SqlStatement.java:1654)
! at org.jdbi.v3.core.result.ResultProducers.lambda$getResultSet$2(ResultProducers.java:67)
! at org.jdbi.v3.core.result.ResultIterable.lambda$of$0(ResultIterable.java:54)
! at org.jdbi.v3.core.result.ResultIterable.stream(ResultIterable.java:228)
! at org.jdbi.v3.core.result.ResultIterable.collect(ResultIterable.java:284)
! at org.jdbi.v3.sqlobject.statement.internal.ResultReturner$CollectedResultReturner.mappedResult(ResultReturner.java:267)
! at org.jdbi.v3.sqlobject.statement.internal.SqlQueryHandler.lambda$configureReturner$0(SqlQueryHandler.java:54)
! at org.jdbi.v3.sqlobject.statement.internal.CustomizingStatementHandler.invoke(CustomizingStatementHandler.java:153)
! at org.jdbi.v3.sqlobject.statement.internal.SqlQueryHandler.invoke(SqlQueryHandler.java:26)
! at org.jdbi.v3.sqlobject.internal.SqlObjectInitData$1.lambda$invoke$0(SqlObjectInitData.java:125)
! at org.jdbi.v3.core.internal.Invocations.invokeWith(Invocations.java:44)
! at org.jdbi.v3.core.internal.Invocations.invokeWith(Invocations.java:26)
! at org.jdbi.v3.core.LazyHandleSupplier.lambda$invokeInContext$1(LazyHandleSupplier.java:77)
! at org.jdbi.v3.core.internal.Invocations.invokeWith(Invocations.java:44)
! at org.jdbi.v3.core.internal.Invocations.invokeWith(Invocations.java:26)
! at org.jdbi.v3.core.LazyHandleSupplier.invokeInContext(LazyHandleSupplier.java:76)
! at org.jdbi.v3.sqlobject.internal.SqlObjectInitData$1.call(SqlObjectInitData.java:131)
! at org.jdbi.v3.sqlobject.internal.SqlObjectInitData$1.invoke(SqlObjectInitData.java:125)
! at org.jdbi.v3.sqlobject.SqlObjectFactory.lambda$attach$2(SqlObjectFactory.java:110)
! at org.jdbi.v3.core.internal.OnDemandExtensions.lambda$invoke$5(OnDemandExtensions.java:98)
! at org.jdbi.v3.core.internal.exceptions.Unchecked.lambda$function$4(Unchecked.java:76)
! at org.jdbi.v3.core.internal.OnDemandExtensions.invoke(OnDemandExtensions.java:98)
! at org.jdbi.v3.core.internal.OnDemandExtensions.lambda$null$2(OnDemandExtensions.java:82)
! at org.jdbi.v3.core.Jdbi.callWithExtension(Jdbi.java:475)
! at org.jdbi.v3.core.Jdbi.withExtension(Jdbi.java:462)
! at org.jdbi.v3.core.internal.OnDemandExtensions.lambda$createProxy$3(OnDemandExtensions.java:82)
! at com.sun.proxy.$Proxy46.getUsers(Unknown Source)
! at nl.ipwrcServer.resources.UserResource.getUsers(UserResource.java:27)
! at sun.reflect.NativeMethodAccessorImpl.invoke0(Native Method)
! at sun.reflect.NativeMethodAccessorImpl.invoke(NativeMethodAccessorImpl.java:62)
! at sun.reflect.DelegatingMethodAccessorImpl.invoke(DelegatingMethodAccessorImpl.java:43)
! at java.lang.reflect.Method.invoke(Method.java:498)
! at org.glassfish.jersey.server.model.internal.ResourceMethodInvocationHandlerFactory.lambda$static$0(ResourceMethodInvocationHandlerFactory.java:52)
! at org.glassfish.jersey.server.model.internal.AbstractJavaResourceMethodDispatcher$1.run(AbstractJavaResourceMethodDispatcher.java:124)
! at org.glassfish.jersey.server.model.internal.AbstractJavaResourceMethodDispatcher.invoke(AbstractJavaResourceMethodDispatcher.java:167)
! at org.glassfish.jersey.server.model.internal.JavaResourceMethodDispatcherProvider$TypeOutInvoker.doDispatch(JavaResourceMethodDispatcherProvider.java:219)
! at org.glassfish.jersey.server.model.internal.AbstractJavaResourceMethodDispatcher.dispatch(AbstractJavaResourceMethodDispatcher.java:79)
! at org.glassfish.jersey.server.model.ResourceMethodInvoker.invoke(ResourceMethodInvoker.java:469)
! at org.glassfish.jersey.server.model.ResourceMethodInvoker.apply(ResourceMethodInvoker.java:391)
! at org.glassfish.jersey.server.model.ResourceMethodInvoker.apply(ResourceMethodInvoker.java:80)
! at org.glassfish.jersey.server.ServerRuntime$1.run(ServerRuntime.java:253)
! at org.glassfish.jersey.internal.Errors$1.call(Errors.java:248)
! at org.glassfish.jersey.internal.Errors$1.call(Errors.java:244)
! at org.glassfish.jersey.internal.Errors.process(Errors.java:292)
! at org.glassfish.jersey.internal.Errors.process(Errors.java:274)
! at org.glassfish.jersey.internal.Errors.process(Errors.java:244)
! at org.glassfish.jersey.process.internal.RequestScope.runInScope(RequestScope.java:265)
! at org.glassfish.jersey.server.ServerRuntime.process(ServerRuntime.java:232)
! at org.glassfish.jersey.server.ApplicationHandler.handle(ApplicationHandler.java:680)
! at org.glassfish.jersey.servlet.WebComponent.serviceImpl(WebComponent.java:392)
! at org.glassfish.jersey.servlet.WebComponent.service(WebComponent.java:346)
! at org.glassfish.jersey.servlet.ServletContainer.service(ServletContainer.java:365)
! at org.glassfish.jersey.servlet.ServletContainer.service(ServletContainer.java:318)
! at org.glassfish.jersey.servlet.ServletContainer.service(ServletContainer.java:205)
! at io.dropwizard.jetty.NonblockingServletHolder.handle(NonblockingServletHolder.java:50)
! at org.eclipse.jetty.servlet.ServletHandler$CachedChain.doFilter(ServletHandler.java:1617)
! at io.dropwizard.servlets.ThreadNameFilter.doFilter(ThreadNameFilter.java:35)
! at org.eclipse.jetty.servlet.ServletHandler$CachedChain.doFilter(ServletHandler.java:1604)
! at io.dropwizard.jersey.filter.AllowedMethodsFilter.handle(AllowedMethodsFilter.java:47)
! at io.dropwizard.jersey.filter.AllowedMethodsFilter.doFilter(AllowedMethodsFilter.java:41)
! at org.eclipse.jetty.servlet.ServletHandler$CachedChain.doFilter(ServletHandler.java:1604)
! at org.eclipse.jetty.servlets.CrossOriginFilter.handle(CrossOriginFilter.java:310)
! at org.eclipse.jetty.servlets.CrossOriginFilter.doFilter(CrossOriginFilter.java:264)
! at org.eclipse.jetty.servlet.ServletHandler$CachedChain.doFilter(ServletHandler.java:1604)
! at org.eclipse.jetty.servlet.ServletHandler.doHandle(ServletHandler.java:545)
! at org.eclipse.jetty.server.handler.ScopedHandler.nextHandle(ScopedHandler.java:233)
! at org.eclipse.jetty.server.handler.ContextHandler.doHandle(ContextHandler.java:1297)
! at org.eclipse.jetty.server.handler.ScopedHandler.nextScope(ScopedHandler.java:188)
! at org.eclipse.jetty.servlet.ServletHandler.doScope(ServletHandler.java:485)
! at org.eclipse.jetty.server.handler.ScopedHandler.nextScope(ScopedHandler.java:186)
! at org.eclipse.jetty.server.handler.ContextHandler.doScope(ContextHandler.java:1212)
! at org.eclipse.jetty.server.handler.ScopedHandler.handle(ScopedHandler.java:141)
! at org.eclipse.jetty.server.handler.HandlerWrapper.handle(HandlerWrapper.java:127)
! at com.codahale.metrics.jetty9.InstrumentedHandler.handle(InstrumentedHandler.java:249)
! at io.dropwizard.jetty.ContextRoutingHandler.handle(ContextRoutingHandler.java:37)
! at org.eclipse.jetty.server.handler.gzip.GzipHandler.handle(GzipHandler.java:767)
! at org.eclipse.jetty.server.handler.RequestLogHandler.handle(RequestLogHandler.java:54)
! at org.eclipse.jetty.server.handler.StatisticsHandler.handle(StatisticsHandler.java:173)
! at org.eclipse.jetty.server.handler.HandlerWrapper.handle(HandlerWrapper.java:127)
! at org.eclipse.jetty.server.Server.handle(Server.java:500)
! at org.eclipse.jetty.server.HttpChannel.lambda$handle$1(HttpChannel.java:383)
! at org.eclipse.jetty.server.HttpChannel.dispatch(HttpChannel.java:547)
! at org.eclipse.jetty.server.HttpChannel.handle(HttpChannel.java:375)
! at org.eclipse.jetty.server.HttpConnection.onFillable(HttpConnection.java:270)
! at org.eclipse.jetty.io.AbstractConnection$ReadCallback.succeeded(AbstractConnection.java:311)
! at org.eclipse.jetty.io.FillInterest.fillable(FillInterest.java:103)
! at org.eclipse.jetty.io.ChannelEndPoint$2.run(ChannelEndPoint.java:117)
! at org.eclipse.jetty.util.thread.strategy.EatWhatYouKill.runTask(EatWhatYouKill.java:336)
! at org.eclipse.jetty.util.thread.strategy.EatWhatYouKill.doProduce(EatWhatYouKill.java:313)
! at org.eclipse.jetty.util.thread.strategy.EatWhatYouKill.tryProduce(EatWhatYouKill.java:171)
! at org.eclipse.jetty.util.thread.strategy.EatWhatYouKill.run(EatWhatYouKill.java:129)
! at org.eclipse.jetty.util.thread.ReservedThreadExecutor$ReservedThread.run(ReservedThreadExecutor.java:388)
! at org.eclipse.jetty.util.thread.QueuedThreadPool.runJob(QueuedThreadPool.java:806)
! at org.eclipse.jetty.util.thread.QueuedThreadPool$Runner.run(QueuedThreadPool.java:938)
! at java.lang.Thread.run(Thread.java:748)
INFO  [2020-04-12 20:28:32,862] io.dropwizard.server.SimpleServerFactory: Registering jersey handler with root path prefix: /application
INFO  [2020-04-12 20:28:32,865] io.dropwizard.server.SimpleServerFactory: Registering admin handler with root path prefix: /admin
INFO  [2020-04-12 20:28:33,089] org.apache.commons.jcs.engine.control.CompositeCacheManager: Instance is null, creating with config [/cache.ccf]
INFO  [2020-04-12 20:28:33,095] org.apache.commons.jcs.engine.control.CompositeCacheManager: Creating cache manager from config file: /cache.ccf
INFO  [2020-04-12 20:28:33,098] org.apache.commons.jcs.utils.threadpool.ThreadPoolManager: thread_pool.default PoolConfiguration = useBoundary = [false] boundarySize = [2000] maximumPoolSize = [150] minimumPoolSize = [4] keepAliveTime = [300000] whenBlockedPolicy = [RUN] startUpSize = [4]
INFO  [2020-04-12 20:28:33,099] org.apache.commons.jcs.engine.control.CompositeCacheManager: Setting default auxiliaries to null
INFO  [2020-04-12 20:28:33,104] org.apache.commons.jcs.engine.control.CompositeCacheManager: setting defaultCompositeCacheAttributes to [ useLateral = true, useRemote = true, useDisk = true, maxObjs = 1000, maxSpoolPerRun = -1, diskUsagePattern = SWAP, spoolChunkSize = 2 ]
INFO  [2020-04-12 20:28:33,106] org.apache.commons.jcs.engine.control.CompositeCacheManager: setting defaultElementAttributes to [ IS_LATERAL = true, IS_SPOOL = true, IS_REMOTE = true, IS_ETERNAL = false, MaxLifeSeconds = 16400, IdleTime = 14400, CreateTime = 1586716113104, LastAccessTime = 1586716113104, getTimeToLiveSeconds() = 16399, createTime = 1586716113104 ]
INFO  [2020-04-12 20:28:33,106] org.apache.commons.jcs.engine.control.CompositeCacheConfigurator: Parsed regions []
INFO  [2020-04-12 20:28:33,106] org.apache.commons.jcs.engine.control.CompositeCacheManager: Finished configuration in 8 ms.
INFO  [2020-04-12 20:28:33,106] org.apache.commons.jcs.engine.control.CompositeCacheConfigurator: No special ElementAttribute class defined for key [jcs.region.default.elementattributes], using default class.
INFO  [2020-04-12 20:28:33,111] org.apache.commons.jcs.engine.memory.AbstractDoubleLinkedListMemoryCache: initialized MemoryCache for default
INFO  [2020-04-12 20:28:33,111] org.apache.commons.jcs.engine.control.CompositeCache: Constructed cache with name [default] and cache attributes [ useLateral = true, useRemote = true, useDisk = true, maxObjs = 1000, maxSpoolPerRun = -1, diskUsagePattern = SWAP, spoolChunkSize = 2 ]
INFO  [2020-04-12 20:28:33,539] io.dropwizard.server.SimpleServerFactory: Registering jersey handler with root path prefix: /application
INFO  [2020-04-12 20:28:33,539] io.dropwizard.server.SimpleServerFactory: Registering admin handler with root path prefix: /admin
INFO  [2020-04-12 20:28:33,540] io.dropwizard.server.ServerFactory: Starting WebshopApplication
----------------------------------------------------------------------------------------------------

////////////////////////////////////////////////////////////////////////////////////////////////////
  ___                    _        _____                      _____                           _
 / _ \                  | |      |  __ \                    |  __ \                         | |
/ /_\ \_ __ ___ __ _  __| | ___  | |  \/ __ _ _ __ ___   ___| |  \/_ __ ___  _   _ _ __   __| |___
|  _  | '__/ __/ _` |/ _` |/ _ \ | | __ / _` | '_ ` _ \ / _ \ | __| '__/ _ \| | | | '_ \ / _` / __|
| | | | | | (_| (_| | (_| |  __/ | |_\ \ (_| | | | | | |  __/ |_\ \ | | (_) | |_| | | | | (_| \__ \
\_| |_/_|  \___\__,_|\__,_|\___|  \____/\__,_|_| |_| |_|\___|\____/_|  \___/ \__,_|_| |_|\__,_|___/

\\\\\\\\\\\\\\\\\\\\\\\\\\\\\\\\\\\\\\\\\\\\\\\\\\\\\\\\\\\\\\\\\\\\\\\\\\\\\\\\\\\\\\\\\\\\\\\\\\\\

----------------------------------------------------------------------------------------------------
INFO  [2020-04-12 20:28:33,603] org.eclipse.jetty.setuid.SetUIDListener: Opened WebshopApplication@61c76850{HTTP/1.1,[http/1.1]}{0.0.0.0:8080}
INFO  [2020-04-12 20:28:33,605] org.eclipse.jetty.server.Server: jetty-9.4.24.v20191120; built: 2019-11-20T21:37:49.771Z; git: 363d5f2df3a8a28de40604320230664b9c793c16; jvm 1.8.0_202-b08
INFO  [2020-04-12 20:28:37,465] io.dropwizard.jersey.DropwizardResourceConfig: The following paths were found for the configured resources:

    POST    /account/getCredentials (nl.ipwrcServer.resources.AccountResource)
    POST    /account/getRegisterCredentials (nl.ipwrcServer.resources.AccountResource)
    POST    /cart/sendCart (nl.ipwrcServer.resources.CartResource)
    GET     /product/getProducts (nl.ipwrcServer.resources.ProductResource)
    POST    /product/getSelectedProducts (nl.ipwrcServer.resources.ProductResource)
    GET     /user/getUsers (nl.ipwrcServer.resources.UserResource)

INFO  [2020-04-12 20:28:37,467] org.eclipse.jetty.server.handler.ContextHandler: Started i.d.j.MutableServletContextHandler@1a0d96a5{/application,null,AVAILABLE}
INFO  [2020-04-12 20:28:37,470] io.dropwizard.setup.AdminEnvironment: tasks = 

    POST    /tasks/log-level (io.dropwizard.servlets.tasks.LogConfigurationTask)
    POST    /tasks/gc (io.dropwizard.servlets.tasks.GarbageCollectionTask)

INFO  [2020-04-12 20:28:37,475] org.eclipse.jetty.server.handler.ContextHandler: Started i.d.j.MutableServletContextHandler@26e412ef{/admin,null,AVAILABLE}
INFO  [2020-04-12 20:28:37,486] org.eclipse.jetty.server.AbstractConnector: Started WebshopApplication@61c76850{HTTP/1.1,[http/1.1]}{0.0.0.0:8080}
INFO  [2020-04-12 20:28:37,486] org.eclipse.jetty.server.Server: Started @6553ms
INFO  [2020-04-12 20:28:40,080] org.eclipse.jetty.util.TypeUtil: JVM Runtime does not support Modules
INFO  [2020-04-12 21:08:40,041] io.dropwizard.server.SimpleServerFactory: Registering jersey handler with root path prefix: /application
INFO  [2020-04-12 21:08:40,044] io.dropwizard.server.SimpleServerFactory: Registering admin handler with root path prefix: /admin
INFO  [2020-04-12 21:08:40,267] org.apache.commons.jcs.engine.control.CompositeCacheManager: Instance is null, creating with config [/cache.ccf]
INFO  [2020-04-12 21:08:40,277] org.apache.commons.jcs.engine.control.CompositeCacheManager: Creating cache manager from config file: /cache.ccf
INFO  [2020-04-12 21:08:40,279] org.apache.commons.jcs.utils.threadpool.ThreadPoolManager: thread_pool.default PoolConfiguration = useBoundary = [false] boundarySize = [2000] maximumPoolSize = [150] minimumPoolSize = [4] keepAliveTime = [300000] whenBlockedPolicy = [RUN] startUpSize = [4]
INFO  [2020-04-12 21:08:40,279] org.apache.commons.jcs.engine.control.CompositeCacheManager: Setting default auxiliaries to null
INFO  [2020-04-12 21:08:40,279] org.apache.commons.jcs.engine.control.CompositeCacheManager: setting defaultCompositeCacheAttributes to [ useLateral = true, useRemote = true, useDisk = true, maxObjs = 1000, maxSpoolPerRun = -1, diskUsagePattern = SWAP, spoolChunkSize = 2 ]
INFO  [2020-04-12 21:08:40,279] org.apache.commons.jcs.engine.control.CompositeCacheManager: setting defaultElementAttributes to [ IS_LATERAL = true, IS_SPOOL = true, IS_REMOTE = true, IS_ETERNAL = false, MaxLifeSeconds = 16400, IdleTime = 14400, CreateTime = 1586718520279, LastAccessTime = 1586718520279, getTimeToLiveSeconds() = 16400, createTime = 1586718520279 ]
INFO  [2020-04-12 21:08:40,279] org.apache.commons.jcs.engine.control.CompositeCacheConfigurator: Parsed regions []
INFO  [2020-04-12 21:08:40,279] org.apache.commons.jcs.engine.control.CompositeCacheManager: Finished configuration in 0 ms.
INFO  [2020-04-12 21:08:40,279] org.apache.commons.jcs.engine.control.CompositeCacheConfigurator: No special ElementAttribute class defined for key [jcs.region.default.elementattributes], using default class.
INFO  [2020-04-12 21:08:40,295] org.apache.commons.jcs.engine.memory.AbstractDoubleLinkedListMemoryCache: initialized MemoryCache for default
INFO  [2020-04-12 21:08:40,295] org.apache.commons.jcs.engine.control.CompositeCache: Constructed cache with name [default] and cache attributes [ useLateral = true, useRemote = true, useDisk = true, maxObjs = 1000, maxSpoolPerRun = -1, diskUsagePattern = SWAP, spoolChunkSize = 2 ]
INFO  [2020-04-12 21:08:40,709] io.dropwizard.server.SimpleServerFactory: Registering jersey handler with root path prefix: /application
INFO  [2020-04-12 21:08:40,709] io.dropwizard.server.SimpleServerFactory: Registering admin handler with root path prefix: /admin
INFO  [2020-04-12 21:08:40,709] io.dropwizard.server.ServerFactory: Starting WebshopApplication
----------------------------------------------------------------------------------------------------

////////////////////////////////////////////////////////////////////////////////////////////////////
  ___                    _        _____                      _____                           _
 / _ \                  | |      |  __ \                    |  __ \                         | |
/ /_\ \_ __ ___ __ _  __| | ___  | |  \/ __ _ _ __ ___   ___| |  \/_ __ ___  _   _ _ __   __| |___
|  _  | '__/ __/ _` |/ _` |/ _ \ | | __ / _` | '_ ` _ \ / _ \ | __| '__/ _ \| | | | '_ \ / _` / __|
| | | | | | (_| (_| | (_| |  __/ | |_\ \ (_| | | | | | |  __/ |_\ \ | | (_) | |_| | | | | (_| \__ \
\_| |_/_|  \___\__,_|\__,_|\___|  \____/\__,_|_| |_| |_|\___|\____/_|  \___/ \__,_|_| |_|\__,_|___/

\\\\\\\\\\\\\\\\\\\\\\\\\\\\\\\\\\\\\\\\\\\\\\\\\\\\\\\\\\\\\\\\\\\\\\\\\\\\\\\\\\\\\\\\\\\\\\\\\\\\

----------------------------------------------------------------------------------------------------
INFO  [2020-04-12 21:08:40,778] org.eclipse.jetty.setuid.SetUIDListener: Opened WebshopApplication@61c76850{HTTP/1.1,[http/1.1]}{0.0.0.0:8080}
INFO  [2020-04-12 21:08:40,778] org.eclipse.jetty.server.Server: jetty-9.4.24.v20191120; built: 2019-11-20T21:37:49.771Z; git: 363d5f2df3a8a28de40604320230664b9c793c16; jvm 1.8.0_202-b08
INFO  [2020-04-12 21:08:44,699] io.dropwizard.jersey.DropwizardResourceConfig: The following paths were found for the configured resources:

    POST    /account/getCredentials (nl.ipwrcServer.resources.AccountResource)
    POST    /account/getRegisterCredentials (nl.ipwrcServer.resources.AccountResource)
    POST    /cart/sendCart (nl.ipwrcServer.resources.CartResource)
    GET     /product/getProducts (nl.ipwrcServer.resources.ProductResource)
    POST    /product/getSelectedProducts (nl.ipwrcServer.resources.ProductResource)
    GET     /user/getUsers (nl.ipwrcServer.resources.UserResource)

INFO  [2020-04-12 21:08:44,699] org.eclipse.jetty.server.handler.ContextHandler: Started i.d.j.MutableServletContextHandler@1a0d96a5{/application,null,AVAILABLE}
INFO  [2020-04-12 21:08:44,699] io.dropwizard.setup.AdminEnvironment: tasks = 

    POST    /tasks/log-level (io.dropwizard.servlets.tasks.LogConfigurationTask)
    POST    /tasks/gc (io.dropwizard.servlets.tasks.GarbageCollectionTask)

INFO  [2020-04-12 21:08:44,715] org.eclipse.jetty.server.handler.ContextHandler: Started i.d.j.MutableServletContextHandler@26e412ef{/admin,null,AVAILABLE}
INFO  [2020-04-12 21:08:44,715] org.eclipse.jetty.server.AbstractConnector: Started WebshopApplication@61c76850{HTTP/1.1,[http/1.1]}{0.0.0.0:8080}
INFO  [2020-04-12 21:08:44,715] org.eclipse.jetty.server.Server: Started @6528ms
INFO  [2020-04-12 21:08:49,227] org.eclipse.jetty.util.TypeUtil: JVM Runtime does not support Modules
INFO  [2020-04-12 21:20:21,129] io.dropwizard.server.SimpleServerFactory: Registering jersey handler with root path prefix: /application
INFO  [2020-04-12 21:20:21,131] io.dropwizard.server.SimpleServerFactory: Registering admin handler with root path prefix: /admin
INFO  [2020-04-12 21:20:21,347] org.apache.commons.jcs.engine.control.CompositeCacheManager: Instance is null, creating with config [/cache.ccf]
INFO  [2020-04-12 21:20:21,347] org.apache.commons.jcs.engine.control.CompositeCacheManager: Creating cache manager from config file: /cache.ccf
INFO  [2020-04-12 21:20:21,362] org.apache.commons.jcs.utils.threadpool.ThreadPoolManager: thread_pool.default PoolConfiguration = useBoundary = [false] boundarySize = [2000] maximumPoolSize = [150] minimumPoolSize = [4] keepAliveTime = [300000] whenBlockedPolicy = [RUN] startUpSize = [4]
INFO  [2020-04-12 21:20:21,362] org.apache.commons.jcs.engine.control.CompositeCacheManager: Setting default auxiliaries to null
INFO  [2020-04-12 21:20:21,362] org.apache.commons.jcs.engine.control.CompositeCacheManager: setting defaultCompositeCacheAttributes to [ useLateral = true, useRemote = true, useDisk = true, maxObjs = 1000, maxSpoolPerRun = -1, diskUsagePattern = SWAP, spoolChunkSize = 2 ]
INFO  [2020-04-12 21:20:21,362] org.apache.commons.jcs.engine.control.CompositeCacheManager: setting defaultElementAttributes to [ IS_LATERAL = true, IS_SPOOL = true, IS_REMOTE = true, IS_ETERNAL = false, MaxLifeSeconds = 16400, IdleTime = 14400, CreateTime = 1586719221362, LastAccessTime = 1586719221362, getTimeToLiveSeconds() = 16400, createTime = 1586719221362 ]
INFO  [2020-04-12 21:20:21,362] org.apache.commons.jcs.engine.control.CompositeCacheConfigurator: Parsed regions []
INFO  [2020-04-12 21:20:21,362] org.apache.commons.jcs.engine.control.CompositeCacheManager: Finished configuration in 0 ms.
INFO  [2020-04-12 21:20:21,362] org.apache.commons.jcs.engine.control.CompositeCacheConfigurator: No special ElementAttribute class defined for key [jcs.region.default.elementattributes], using default class.
INFO  [2020-04-12 21:20:21,378] org.apache.commons.jcs.engine.memory.AbstractDoubleLinkedListMemoryCache: initialized MemoryCache for default
INFO  [2020-04-12 21:20:21,378] org.apache.commons.jcs.engine.control.CompositeCache: Constructed cache with name [default] and cache attributes [ useLateral = true, useRemote = true, useDisk = true, maxObjs = 1000, maxSpoolPerRun = -1, diskUsagePattern = SWAP, spoolChunkSize = 2 ]
INFO  [2020-04-12 21:20:21,801] io.dropwizard.server.SimpleServerFactory: Registering jersey handler with root path prefix: /application
INFO  [2020-04-12 21:20:21,801] io.dropwizard.server.SimpleServerFactory: Registering admin handler with root path prefix: /admin
INFO  [2020-04-12 21:20:21,801] io.dropwizard.server.ServerFactory: Starting WebshopApplication
----------------------------------------------------------------------------------------------------

////////////////////////////////////////////////////////////////////////////////////////////////////
  ___                    _        _____                      _____                           _
 / _ \                  | |      |  __ \                    |  __ \                         | |
/ /_\ \_ __ ___ __ _  __| | ___  | |  \/ __ _ _ __ ___   ___| |  \/_ __ ___  _   _ _ __   __| |___
|  _  | '__/ __/ _` |/ _` |/ _ \ | | __ / _` | '_ ` _ \ / _ \ | __| '__/ _ \| | | | '_ \ / _` / __|
| | | | | | (_| (_| | (_| |  __/ | |_\ \ (_| | | | | | |  __/ |_\ \ | | (_) | |_| | | | | (_| \__ \
\_| |_/_|  \___\__,_|\__,_|\___|  \____/\__,_|_| |_| |_|\___|\____/_|  \___/ \__,_|_| |_|\__,_|___/

\\\\\\\\\\\\\\\\\\\\\\\\\\\\\\\\\\\\\\\\\\\\\\\\\\\\\\\\\\\\\\\\\\\\\\\\\\\\\\\\\\\\\\\\\\\\\\\\\\\\

----------------------------------------------------------------------------------------------------
INFO  [2020-04-12 21:20:21,871] org.eclipse.jetty.setuid.SetUIDListener: Opened WebshopApplication@61c76850{HTTP/1.1,[http/1.1]}{0.0.0.0:8080}
INFO  [2020-04-12 21:20:21,873] org.eclipse.jetty.server.Server: jetty-9.4.24.v20191120; built: 2019-11-20T21:37:49.771Z; git: 363d5f2df3a8a28de40604320230664b9c793c16; jvm 1.8.0_202-b08
INFO  [2020-04-12 21:20:26,222] io.dropwizard.jersey.DropwizardResourceConfig: The following paths were found for the configured resources:

    POST    /account/getCredentials (nl.ipwrcServer.resources.AccountResource)
    POST    /account/getRegisterCredentials (nl.ipwrcServer.resources.AccountResource)
    POST    /cart/sendCart (nl.ipwrcServer.resources.CartResource)
    GET     /product/getProducts (nl.ipwrcServer.resources.ProductResource)
    POST    /product/getSelectedProducts (nl.ipwrcServer.resources.ProductResource)
    GET     /user/getUsers (nl.ipwrcServer.resources.UserResource)

INFO  [2020-04-12 21:20:26,222] org.eclipse.jetty.server.handler.ContextHandler: Started i.d.j.MutableServletContextHandler@1a0d96a5{/application,null,AVAILABLE}
INFO  [2020-04-12 21:20:26,222] io.dropwizard.setup.AdminEnvironment: tasks = 

    POST    /tasks/log-level (io.dropwizard.servlets.tasks.LogConfigurationTask)
    POST    /tasks/gc (io.dropwizard.servlets.tasks.GarbageCollectionTask)

INFO  [2020-04-12 21:20:26,237] org.eclipse.jetty.server.handler.ContextHandler: Started i.d.j.MutableServletContextHandler@26e412ef{/admin,null,AVAILABLE}
INFO  [2020-04-12 21:20:26,237] org.eclipse.jetty.server.AbstractConnector: Started WebshopApplication@61c76850{HTTP/1.1,[http/1.1]}{0.0.0.0:8080}
INFO  [2020-04-12 21:20:26,237] org.eclipse.jetty.server.Server: Started @6899ms
INFO  [2020-04-12 21:20:28,991] org.eclipse.jetty.util.TypeUtil: JVM Runtime does not support Modules
INFO  [2020-04-12 21:22:21,226] io.dropwizard.server.SimpleServerFactory: Registering jersey handler with root path prefix: /application
INFO  [2020-04-12 21:22:21,226] io.dropwizard.server.SimpleServerFactory: Registering admin handler with root path prefix: /admin
INFO  [2020-04-12 21:22:21,514] org.apache.commons.jcs.engine.control.CompositeCacheManager: Instance is null, creating with config [/cache.ccf]
INFO  [2020-04-12 21:22:21,524] org.apache.commons.jcs.engine.control.CompositeCacheManager: Creating cache manager from config file: /cache.ccf
INFO  [2020-04-12 21:22:21,524] org.apache.commons.jcs.utils.threadpool.ThreadPoolManager: thread_pool.default PoolConfiguration = useBoundary = [false] boundarySize = [2000] maximumPoolSize = [150] minimumPoolSize = [4] keepAliveTime = [300000] whenBlockedPolicy = [RUN] startUpSize = [4]
INFO  [2020-04-12 21:22:21,532] org.apache.commons.jcs.engine.control.CompositeCacheManager: Setting default auxiliaries to null
INFO  [2020-04-12 21:22:21,544] org.apache.commons.jcs.engine.control.CompositeCacheManager: setting defaultCompositeCacheAttributes to [ useLateral = true, useRemote = true, useDisk = true, maxObjs = 1000, maxSpoolPerRun = -1, diskUsagePattern = SWAP, spoolChunkSize = 2 ]
INFO  [2020-04-12 21:22:21,544] org.apache.commons.jcs.engine.control.CompositeCacheManager: setting defaultElementAttributes to [ IS_LATERAL = true, IS_SPOOL = true, IS_REMOTE = true, IS_ETERNAL = false, MaxLifeSeconds = 16400, IdleTime = 14400, CreateTime = 1586719341544, LastAccessTime = 1586719341544, getTimeToLiveSeconds() = 16400, createTime = 1586719341544 ]
INFO  [2020-04-12 21:22:21,544] org.apache.commons.jcs.engine.control.CompositeCacheConfigurator: Parsed regions []
INFO  [2020-04-12 21:22:21,544] org.apache.commons.jcs.engine.control.CompositeCacheManager: Finished configuration in 20 ms.
INFO  [2020-04-12 21:22:21,544] org.apache.commons.jcs.engine.control.CompositeCacheConfigurator: No special ElementAttribute class defined for key [jcs.region.default.elementattributes], using default class.
INFO  [2020-04-12 21:22:21,555] org.apache.commons.jcs.engine.memory.AbstractDoubleLinkedListMemoryCache: initialized MemoryCache for default
INFO  [2020-04-12 21:22:21,555] org.apache.commons.jcs.engine.control.CompositeCache: Constructed cache with name [default] and cache attributes [ useLateral = true, useRemote = true, useDisk = true, maxObjs = 1000, maxSpoolPerRun = -1, diskUsagePattern = SWAP, spoolChunkSize = 2 ]
INFO  [2020-04-12 21:22:22,007] io.dropwizard.server.SimpleServerFactory: Registering jersey handler with root path prefix: /application
INFO  [2020-04-12 21:22:22,007] io.dropwizard.server.SimpleServerFactory: Registering admin handler with root path prefix: /admin
INFO  [2020-04-12 21:22:22,007] io.dropwizard.server.ServerFactory: Starting WebshopApplication
----------------------------------------------------------------------------------------------------

////////////////////////////////////////////////////////////////////////////////////////////////////
  ___                    _        _____                      _____                           _
 / _ \                  | |      |  __ \                    |  __ \                         | |
/ /_\ \_ __ ___ __ _  __| | ___  | |  \/ __ _ _ __ ___   ___| |  \/_ __ ___  _   _ _ __   __| |___
|  _  | '__/ __/ _` |/ _` |/ _ \ | | __ / _` | '_ ` _ \ / _ \ | __| '__/ _ \| | | | '_ \ / _` / __|
| | | | | | (_| (_| | (_| |  __/ | |_\ \ (_| | | | | | |  __/ |_\ \ | | (_) | |_| | | | | (_| \__ \
\_| |_/_|  \___\__,_|\__,_|\___|  \____/\__,_|_| |_| |_|\___|\____/_|  \___/ \__,_|_| |_|\__,_|___/

\\\\\\\\\\\\\\\\\\\\\\\\\\\\\\\\\\\\\\\\\\\\\\\\\\\\\\\\\\\\\\\\\\\\\\\\\\\\\\\\\\\\\\\\\\\\\\\\\\\\

----------------------------------------------------------------------------------------------------
INFO  [2020-04-12 21:22:22,078] org.eclipse.jetty.setuid.SetUIDListener: Opened WebshopApplication@61c76850{HTTP/1.1,[http/1.1]}{0.0.0.0:8080}
INFO  [2020-04-12 21:22:22,086] org.eclipse.jetty.server.Server: jetty-9.4.24.v20191120; built: 2019-11-20T21:37:49.771Z; git: 363d5f2df3a8a28de40604320230664b9c793c16; jvm 1.8.0_202-b08
INFO  [2020-04-12 21:22:26,140] io.dropwizard.jersey.DropwizardResourceConfig: The following paths were found for the configured resources:

    POST    /account/getCredentials (nl.ipwrcServer.resources.AccountResource)
    POST    /account/getRegisterCredentials (nl.ipwrcServer.resources.AccountResource)
    POST    /cart/sendCart (nl.ipwrcServer.resources.CartResource)
    GET     /product/getProducts (nl.ipwrcServer.resources.ProductResource)
    POST    /product/getSelectedProducts (nl.ipwrcServer.resources.ProductResource)
    GET     /user/getUsers (nl.ipwrcServer.resources.UserResource)

INFO  [2020-04-12 21:22:26,156] org.eclipse.jetty.server.handler.ContextHandler: Started i.d.j.MutableServletContextHandler@1a0d96a5{/application,null,AVAILABLE}
INFO  [2020-04-12 21:22:26,156] io.dropwizard.setup.AdminEnvironment: tasks = 

    POST    /tasks/log-level (io.dropwizard.servlets.tasks.LogConfigurationTask)
    POST    /tasks/gc (io.dropwizard.servlets.tasks.GarbageCollectionTask)

INFO  [2020-04-12 21:22:26,156] org.eclipse.jetty.server.handler.ContextHandler: Started i.d.j.MutableServletContextHandler@26e412ef{/admin,null,AVAILABLE}
INFO  [2020-04-12 21:22:26,172] org.eclipse.jetty.server.AbstractConnector: Started WebshopApplication@61c76850{HTTP/1.1,[http/1.1]}{0.0.0.0:8080}
INFO  [2020-04-12 21:22:26,172] org.eclipse.jetty.server.Server: Started @6660ms
